Doing 2000 power iterations on 5000x5000 matrix distributed row-wise over 1 processes...
[Proc   0] Doing rows 0 to 4999
Power method: NOT converged in 2000 iteration(s) to largest absolute eigenvalue theta = 4998.212159 in 49.341021 second(s) time.
### 1, 5000, 2000, 4998.212159, 49.341021 ###
Doing 2000 power iterations on 5000x5000 matrix distributed row-wise over 1 processes...
[Proc   0] Doing rows 0 to 4999
Power method: NOT converged in 2000 iteration(s) to largest absolute eigenvalue theta = 4998.212159 in 49.421172 second(s) time.
### 1, 5000, 2000, 4998.212159, 49.421172 ###
Doing 2000 power iterations on 5000x5000 matrix distributed row-wise over 1 processes...
[Proc   0] Doing rows 0 to 4999
Power method: NOT converged in 2000 iteration(s) to largest absolute eigenvalue theta = 4998.212159 in 49.677953 second(s) time.
### 1, 5000, 2000, 4998.212159, 49.677953 ###
Doing 2000 power iterations on 5000x5000 matrix distributed row-wise over 1 processes...
[Proc   0] Doing rows 0 to 4999
Power method: NOT converged in 2000 iteration(s) to largest absolute eigenvalue theta = 4998.212159 in 49.419126 second(s) time.
### 1, 5000, 2000, 4998.212159, 49.419126 ###
Doing 2000 power iterations on 5000x5000 matrix distributed row-wise over 1 processes...
[Proc   0] Doing rows 0 to 4999
Power method: NOT converged in 2000 iteration(s) to largest absolute eigenvalue theta = 4998.212159 in 49.435190 second(s) time.
### 1, 5000, 2000, 4998.212159, 49.435190 ###
[Proc   1] Doing rows 0 to 7070
Doing 2000 power iterations on 7071x7071 matrix distributed row-wise over 2 processes...
[Proc   0] Doing rows 0 to 7070
Power method: NOT converged in 2000 iteration(s) to largest absolute eigenvalue theta = 7068.554972 in 50.083780 second(s) time.
### 2, 7071, 2000, 7068.554972, 50.083780 ###
Doing 2000 power iterations on 7071x7071 matrix distributed row-wise over 2 processes...
[Proc   0] Doing rows 0 to 7070
[Proc   1] Doing rows 0 to 7070
Power method: NOT converged in 2000 iteration(s) to largest absolute eigenvalue theta = 7068.554972 in 49.650988 second(s) time.
### 2, 7071, 2000, 7068.554972, 49.650988 ###
Doing 2000 power iterations on 7071x7071 matrix distributed row-wise over 2 processes...
[Proc   0] Doing rows 0 to 7070
[Proc   1] Doing rows 0 to 7070
Power method: NOT converged in 2000 iteration(s) to largest absolute eigenvalue theta = 7068.554972 in 50.461969 second(s) time.
### 2, 7071, 2000, 7068.554972, 50.461969 ###
[Proc   1] Doing rows 0 to 7070
Doing 2000 power iterations on 7071x7071 matrix distributed row-wise over 2 processes...
[Proc   0] Doing rows 0 to 7070
Power method: NOT converged in 2000 iteration(s) to largest absolute eigenvalue theta = 7068.554972 in 49.915669 second(s) time.
### 2, 7071, 2000, 7068.554972, 49.915669 ###
Doing 2000 power iterations on 7071x7071 matrix distributed row-wise over 2 processes...
[Proc   0] Doing rows 0 to 7070
[Proc   1] Doing rows 0 to 7070
Power method: NOT converged in 2000 iteration(s) to largest absolute eigenvalue theta = 7068.554972 in 49.949219 second(s) time.
### 2, 7071, 2000, 7068.554972, 49.949219 ###
Doing 2000 power iterations on 10000x10000 matrix distributed row-wise over 4 processes...
[Proc   0] Doing rows 0 to 9999
[Proc   1] Doing rows 0 to 9999
[Proc   2] Doing rows 0 to 9999
[Proc   3] Doing rows 0 to 9999
Power method: NOT converged in 2000 iteration(s) to largest absolute eigenvalue theta = 9996.466255 in 72.843429 second(s) time.
### 4, 10000, 2000, 9996.466255, 72.843429 ###
Doing 2000 power iterations on 10000x10000 matrix distributed row-wise over 4 processes...
[Proc   0] Doing rows 0 to 9999
[Proc   2] Doing rows 0 to 9999
[Proc   3] Doing rows 0 to 9999
[Proc   1] Doing rows 0 to 9999
Power method: NOT converged in 2000 iteration(s) to largest absolute eigenvalue theta = 9996.466255 in 77.513810 second(s) time.
### 4, 10000, 2000, 9996.466255, 77.513810 ###
[Proc   1] Doing rows 0 to 9999
[Proc   3] Doing rows 0 to 9999
Doing 2000 power iterations on 10000x10000 matrix distributed row-wise over 4 processes...
[Proc   0] Doing rows 0 to 9999
[Proc   2] Doing rows 0 to 9999
Power method: NOT converged in 2000 iteration(s) to largest absolute eigenvalue theta = 9996.466255 in 77.719635 second(s) time.
### 4, 10000, 2000, 9996.466255, 77.719635 ###
Doing 2000 power iterations on 10000x10000 matrix distributed row-wise over 4 processes...
[Proc   0] Doing rows 0 to 9999
[Proc   1] Doing rows 0 to 9999
[Proc   2] Doing rows 0 to 9999
[Proc   3] Doing rows 0 to 9999
Power method: NOT converged in 2000 iteration(s) to largest absolute eigenvalue theta = 9996.466255 in 74.774692 second(s) time.
### 4, 10000, 2000, 9996.466255, 74.774692 ###
Doing 2000 power iterations on 10000x10000 matrix distributed row-wise over 4 processes...
[Proc   0] Doing rows 0 to 9999
[Proc   3] Doing rows 0 to 9999
[Proc   1] Doing rows 0 to 9999
[Proc   2] Doing rows 0 to 9999
Power method: NOT converged in 2000 iteration(s) to largest absolute eigenvalue theta = 9996.466255 in 76.386365 second(s) time.
### 4, 10000, 2000, 9996.466255, 76.386365 ###
Doing 2000 power iterations on 14142x14142 matrix distributed row-wise over 8 processes...
[Proc   0] Doing rows 0 to 14141
[Proc   5] Doing rows 0 to 14141
[Proc   3] Doing rows 0 to 14141
[Proc   7] Doing rows 0 to 14141
[Proc   4] Doing rows 0 to 14141
[Proc   1] Doing rows 0 to 14141
[Proc   6] Doing rows 0 to 14141
[Proc   2] Doing rows 0 to 14141
Power method: NOT converged in 2000 iteration(s) to largest absolute eigenvalue theta = 14138.504346 in 107.256012 second(s) time.
### 8, 14142, 2000, 14138.504346, 107.256012 ###
Doing 2000 power iterations on 14142x14142 matrix distributed row-wise over 8 processes...
[Proc   0] Doing rows 0 to 14141
[Proc   5] Doing rows 0 to 14141
[Proc   3] Doing rows 0 to 14141
[Proc   2] Doing rows 0 to 14141
[Proc   1] Doing rows 0 to 14141
[Proc   7] Doing rows 0 to 14141
[Proc   6] Doing rows 0 to 14141
[Proc   4] Doing rows 0 to 14141
Power method: NOT converged in 2000 iteration(s) to largest absolute eigenvalue theta = 14138.504346 in 108.823596 second(s) time.
### 8, 14142, 2000, 14138.504346, 108.823596 ###
Doing 2000 power iterations on 14142x14142 matrix distributed row-wise over 8 processes...
[Proc   0] Doing rows 0 to 14141
[Proc   5] Doing rows 0 to 14141
[Proc   2] Doing rows 0 to 14141
[Proc   6] Doing rows 0 to 14141
[Proc   7] Doing rows 0 to 14141
[Proc   1] Doing rows 0 to 14141
[Proc   4] Doing rows 0 to 14141
[Proc   3] Doing rows 0 to 14141
Power method: NOT converged in 2000 iteration(s) to largest absolute eigenvalue theta = 14138.504346 in 109.542554 second(s) time.
### 8, 14142, 2000, 14138.504346, 109.542554 ###
Doing 2000 power iterations on 14142x14142 matrix distributed row-wise over 8 processes...
[Proc   0] Doing rows 0 to 14141
[Proc   5] Doing rows 0 to 14141
[Proc   6] Doing rows 0 to 14141
[Proc   7] Doing rows 0 to 14141
[Proc   4] Doing rows 0 to 14141
[Proc   3] Doing rows 0 to 14141
[Proc   1] Doing rows 0 to 14141
[Proc   2] Doing rows 0 to 14141
Power method: NOT converged in 2000 iteration(s) to largest absolute eigenvalue theta = 14138.504346 in 109.508028 second(s) time.
### 8, 14142, 2000, 14138.504346, 109.508028 ###
Doing 2000 power iterations on 14142x14142 matrix distributed row-wise over 8 processes...
[Proc   0] Doing rows 0 to 14141
[Proc   3] Doing rows 0 to 14141
[Proc   5] Doing rows 0 to 14141
[Proc   2] Doing rows 0 to 14141
[Proc   4] Doing rows 0 to 14141
[Proc   1] Doing rows 0 to 14141
[Proc   7] Doing rows 0 to 14141
[Proc   6] Doing rows 0 to 14141
Power method: NOT converged in 2000 iteration(s) to largest absolute eigenvalue theta = 14138.504346 in 108.518909 second(s) time.
### 8, 14142, 2000, 14138.504346, 108.518909 ###
Doing 2000 power iterations on 20000x20000 matrix distributed row-wise over 16 processes...
[Proc   0] Doing rows 0 to 19999
[Proc  12] Doing rows 0 to 19999
[Proc   2] Doing rows 0 to 19999
[Proc   9] Doing rows 0 to 19999
[Proc   3] Doing rows 0 to 19999
[Proc   5] Doing rows 0 to 19999
[Proc  13] Doing rows 0 to 19999
[Proc  15] Doing rows 0 to 19999
[Proc   1] Doing rows 0 to 19999
[Proc   6] Doing rows 0 to 19999
[Proc   7] Doing rows 0 to 19999
[Proc  11] Doing rows 0 to 19999
[Proc  10] Doing rows 0 to 19999
[Proc  14] Doing rows 0 to 19999
[Proc   8] Doing rows 0 to 19999
[Proc   4] Doing rows 0 to 19999
Power method: NOT converged in 2000 iteration(s) to largest absolute eigenvalue theta = 19995.542344 in 113.958441 second(s) time.
### 16, 20000, 2000, 19995.542344, 113.958441 ###
Doing 2000 power iterations on 20000x20000 matrix distributed row-wise over 16 processes...
[Proc   0] Doing rows 0 to 19999
[Proc   9] Doing rows 0 to 19999
[Proc   7] Doing rows 0 to 19999
[Proc  14] Doing rows 0 to 19999
[Proc  11] Doing rows 0 to 19999
[Proc   2] Doing rows 0 to 19999
[Proc   1] Doing rows 0 to 19999
[Proc  12] Doing rows 0 to 19999
[Proc  15] Doing rows 0 to 19999
[Proc  13] Doing rows 0 to 19999
[Proc   5] Doing rows 0 to 19999
[Proc   3] Doing rows 0 to 19999
[Proc  10] Doing rows 0 to 19999
[Proc   4] Doing rows 0 to 19999
[Proc   8] Doing rows 0 to 19999
[Proc   6] Doing rows 0 to 19999
Power method: NOT converged in 2000 iteration(s) to largest absolute eigenvalue theta = 19995.542344 in 117.505696 second(s) time.
### 16, 20000, 2000, 19995.542344, 117.505696 ###
[Proc   5] Doing rows 0 to 19999
[Proc   9] Doing rows 0 to 19999
[Proc  14] Doing rows 0 to 19999
Doing 2000 power iterations on 20000x20000 matrix distributed row-wise over 16 processes...
[Proc   0] Doing rows 0 to 19999
[Proc   1] Doing rows 0 to 19999
[Proc   3] Doing rows 0 to 19999
[Proc  11] Doing rows 0 to 19999
[Proc   6] Doing rows 0 to 19999
[Proc   2] Doing rows 0 to 19999
[Proc  10] Doing rows 0 to 19999
[Proc  12] Doing rows 0 to 19999
[Proc  13] Doing rows 0 to 19999
[Proc  15] Doing rows 0 to 19999
[Proc   4] Doing rows 0 to 19999
[Proc   8] Doing rows 0 to 19999
[Proc   7] Doing rows 0 to 19999
Power method: NOT converged in 2000 iteration(s) to largest absolute eigenvalue theta = 19995.542344 in 115.658136 second(s) time.
### 16, 20000, 2000, 19995.542344, 115.658136 ###
[Proc   2] Doing rows 0 to 19999
[Proc   7] Doing rows 0 to 19999
[Proc  15] Doing rows 0 to 19999
[Proc   1] Doing rows 0 to 19999
Doing 2000 power iterations on 20000x20000 matrix distributed row-wise over 16 processes...
[Proc   0] Doing rows 0 to 19999
[Proc  13] Doing rows 0 to 19999
[Proc   3] Doing rows 0 to 19999
[Proc  11] Doing rows 0 to 19999
[Proc   5] Doing rows 0 to 19999
[Proc  12] Doing rows 0 to 19999
[Proc   6] Doing rows 0 to 19999
[Proc   8] Doing rows 0 to 19999
[Proc   4] Doing rows 0 to 19999
[Proc   9] Doing rows 0 to 19999
[Proc  10] Doing rows 0 to 19999
[Proc  14] Doing rows 0 to 19999
Power method: NOT converged in 2000 iteration(s) to largest absolute eigenvalue theta = 19995.542344 in 116.706367 second(s) time.
### 16, 20000, 2000, 19995.542344, 116.706367 ###
Doing 2000 power iterations on 20000x20000 matrix distributed row-wise over 16 processes...
[Proc   0] Doing rows 0 to 19999
[Proc  10] Doing rows 0 to 19999
[Proc  13] Doing rows 0 to 19999
[Proc   2] Doing rows 0 to 19999
[Proc  12] Doing rows 0 to 19999
[Proc   5] Doing rows 0 to 19999
[Proc  11] Doing rows 0 to 19999
[Proc   8] Doing rows 0 to 19999
[Proc  14] Doing rows 0 to 19999
[Proc   1] Doing rows 0 to 19999
[Proc   6] Doing rows 0 to 19999
[Proc  15] Doing rows 0 to 19999
[Proc   7] Doing rows 0 to 19999
[Proc   9] Doing rows 0 to 19999
[Proc   3] Doing rows 0 to 19999
[Proc   4] Doing rows 0 to 19999
Power method: NOT converged in 2000 iteration(s) to largest absolute eigenvalue theta = 19995.542344 in 114.949222 second(s) time.
### 16, 20000, 2000, 19995.542344, 114.949222 ###
Doing 2000 power iterations on 28284x28284 matrix distributed row-wise over 32 processes...
[Proc   0] Doing rows 0 to 28283
[Proc   9] Doing rows 0 to 28283
[Proc  24] Doing rows 0 to 28283
[Proc  13] Doing rows 0 to 28283
[Proc  14] Doing rows 0 to 28283
[Proc  16] Doing rows 0 to 28283
[Proc   8] Doing rows 0 to 28283
[Proc  31] Doing rows 0 to 28283
[Proc   1] Doing rows 0 to 28283
[Proc   7] Doing rows 0 to 28283
[Proc  10] Doing rows 0 to 28283
[Proc  26] Doing rows 0 to 28283
[Proc   6] Doing rows 0 to 28283
[Proc  18] Doing rows 0 to 28283
[Proc   3] Doing rows 0 to 28283
[Proc  20] Doing rows 0 to 28283
[Proc   2] Doing rows 0 to 28283
[Proc  12] Doing rows 0 to 28283
[Proc  11] Doing rows 0 to 28283
[Proc  15] Doing rows 0 to 28283
[Proc   5] Doing rows 0 to 28283
[Proc  19] Doing rows 0 to 28283
[Proc  21] Doing rows 0 to 28283
[Proc  17] Doing rows 0 to 28283
[Proc  22] Doing rows 0 to 28283
[Proc  27] Doing rows 0 to 28283
[Proc  23] Doing rows 0 to 28283
[Proc  28] Doing rows 0 to 28283
[Proc  30] Doing rows 0 to 28283
[Proc  29] Doing rows 0 to 28283
[Proc  25] Doing rows 0 to 28283
[Proc   4] Doing rows 0 to 28283
Power method: NOT converged in 2000 iteration(s) to largest absolute eigenvalue theta = 28276.949275 in 130.094306 second(s) time.
### 32, 28284, 2000, 28276.949275, 130.094306 ###
Doing 2000 power iterations on 28284x28284 matrix distributed row-wise over 32 processes...
[Proc   0] Doing rows 0 to 28283
[Proc   2] Doing rows 0 to 28283
[Proc   9] Doing rows 0 to 28283
[Proc  18] Doing rows 0 to 28283
[Proc  13] Doing rows 0 to 28283
[Proc  20] Doing rows 0 to 28283
[Proc   7] Doing rows 0 to 28283
[Proc  11] Doing rows 0 to 28283
[Proc  26] Doing rows 0 to 28283
[Proc   5] Doing rows 0 to 28283
[Proc  10] Doing rows 0 to 28283
[Proc  17] Doing rows 0 to 28283
[Proc  22] Doing rows 0 to 28283
[Proc  21] Doing rows 0 to 28283
[Proc  29] Doing rows 0 to 28283
[Proc  12] Doing rows 0 to 28283
[Proc  16] Doing rows 0 to 28283
[Proc  27] Doing rows 0 to 28283
[Proc  25] Doing rows 0 to 28283
[Proc  30] Doing rows 0 to 28283
[Proc  23] Doing rows 0 to 28283
[Proc  15] Doing rows 0 to 28283
[Proc  14] Doing rows 0 to 28283
[Proc   8] Doing rows 0 to 28283
[Proc   1] Doing rows 0 to 28283
[Proc  31] Doing rows 0 to 28283
[Proc  19] Doing rows 0 to 28283
[Proc   6] Doing rows 0 to 28283
[Proc   3] Doing rows 0 to 28283
[Proc  24] Doing rows 0 to 28283
[Proc  28] Doing rows 0 to 28283
[Proc   4] Doing rows 0 to 28283
Power method: NOT converged in 2000 iteration(s) to largest absolute eigenvalue theta = 28276.949275 in 134.570242 second(s) time.
### 32, 28284, 2000, 28276.949275, 134.570242 ###
Doing 2000 power iterations on 28284x28284 matrix distributed row-wise over 32 processes...
[Proc   0] Doing rows 0 to 28283
[Proc  18] Doing rows 0 to 28283
[Proc   9] Doing rows 0 to 28283
[Proc  12] Doing rows 0 to 28283
[Proc   2] Doing rows 0 to 28283
[Proc  27] Doing rows 0 to 28283
[Proc  22] Doing rows 0 to 28283
[Proc  26] Doing rows 0 to 28283
[Proc  15] Doing rows 0 to 28283
[Proc  29] Doing rows 0 to 28283
[Proc  21] Doing rows 0 to 28283
[Proc  31] Doing rows 0 to 28283
[Proc  20] Doing rows 0 to 28283
[Proc  25] Doing rows 0 to 28283
[Proc  13] Doing rows 0 to 28283
[Proc   1] Doing rows 0 to 28283
[Proc  23] Doing rows 0 to 28283
[Proc  16] Doing rows 0 to 28283
[Proc  30] Doing rows 0 to 28283
[Proc   3] Doing rows 0 to 28283
[Proc   5] Doing rows 0 to 28283
[Proc   7] Doing rows 0 to 28283
[Proc  19] Doing rows 0 to 28283
[Proc  14] Doing rows 0 to 28283
[Proc  17] Doing rows 0 to 28283
[Proc  28] Doing rows 0 to 28283
[Proc   6] Doing rows 0 to 28283
[Proc  11] Doing rows 0 to 28283
[Proc   8] Doing rows 0 to 28283
[Proc  10] Doing rows 0 to 28283
[Proc  24] Doing rows 0 to 28283
[Proc   4] Doing rows 0 to 28283
Power method: NOT converged in 2000 iteration(s) to largest absolute eigenvalue theta = 28276.949275 in 138.039153 second(s) time.
### 32, 28284, 2000, 28276.949275, 138.039153 ###
Doing 2000 power iterations on 28284x28284 matrix distributed row-wise over 32 processes...
[Proc   0] Doing rows 0 to 28283
[Proc  18] Doing rows 0 to 28283
[Proc   9] Doing rows 0 to 28283
[Proc   5] Doing rows 0 to 28283
[Proc   2] Doing rows 0 to 28283
[Proc   1] Doing rows 0 to 28283
[Proc  11] Doing rows 0 to 28283
[Proc  13] Doing rows 0 to 28283
[Proc  19] Doing rows 0 to 28283
[Proc  26] Doing rows 0 to 28283
[Proc   3] Doing rows 0 to 28283
[Proc  22] Doing rows 0 to 28283
[Proc  27] Doing rows 0 to 28283
[Proc  15] Doing rows 0 to 28283
[Proc  28] Doing rows 0 to 28283
[Proc  21] Doing rows 0 to 28283
[Proc  30] Doing rows 0 to 28283
[Proc  29] Doing rows 0 to 28283
[Proc  23] Doing rows 0 to 28283
[Proc  12] Doing rows 0 to 28283
[Proc  16] Doing rows 0 to 28283
[Proc   4] Doing rows 0 to 28283
[Proc  14] Doing rows 0 to 28283
[Proc  10] Doing rows 0 to 28283
[Proc   8] Doing rows 0 to 28283
[Proc  31] Doing rows 0 to 28283
[Proc   7] Doing rows 0 to 28283
[Proc  17] Doing rows 0 to 28283
[Proc  20] Doing rows 0 to 28283
[Proc   6] Doing rows 0 to 28283
[Proc  25] Doing rows 0 to 28283
[Proc  24] Doing rows 0 to 28283
Power method: NOT converged in 2000 iteration(s) to largest absolute eigenvalue theta = 28276.949275 in 133.353154 second(s) time.
### 32, 28284, 2000, 28276.949275, 133.353154 ###
Doing 2000 power iterations on 28284x28284 matrix distributed row-wise over 32 processes...
[Proc   0] Doing rows 0 to 28283
[Proc  17] Doing rows 0 to 28283
[Proc  15] Doing rows 0 to 28283
[Proc  28] Doing rows 0 to 28283
[Proc  10] Doing rows 0 to 28283
[Proc  16] Doing rows 0 to 28283
[Proc  19] Doing rows 0 to 28283
[Proc  23] Doing rows 0 to 28283
[Proc  22] Doing rows 0 to 28283
[Proc  29] Doing rows 0 to 28283
[Proc  30] Doing rows 0 to 28283
[Proc   4] Doing rows 0 to 28283
[Proc  14] Doing rows 0 to 28283
[Proc  25] Doing rows 0 to 28283
[Proc   8] Doing rows 0 to 28283
[Proc  31] Doing rows 0 to 28283
[Proc   1] Doing rows 0 to 28283
[Proc  20] Doing rows 0 to 28283
[Proc   7] Doing rows 0 to 28283
[Proc  21] Doing rows 0 to 28283
[Proc   2] Doing rows 0 to 28283
[Proc  26] Doing rows 0 to 28283
[Proc  11] Doing rows 0 to 28283
[Proc  18] Doing rows 0 to 28283
[Proc   5] Doing rows 0 to 28283
[Proc  13] Doing rows 0 to 28283
[Proc  12] Doing rows 0 to 28283
[Proc   9] Doing rows 0 to 28283
[Proc   3] Doing rows 0 to 28283
[Proc  27] Doing rows 0 to 28283
[Proc   6] Doing rows 0 to 28283
[Proc  24] Doing rows 0 to 28283
Power method: NOT converged in 2000 iteration(s) to largest absolute eigenvalue theta = 28276.949275 in 136.062826 second(s) time.
### 32, 28284, 2000, 28276.949275, 136.062826 ###
Doing 2000 power iterations on 40000x40000 matrix distributed row-wise over 64 processes...
[Proc   0] Doing rows 0 to 39999
[Proc   8] Doing rows 0 to 39999
[Proc  14] Doing rows 0 to 39999
[Proc   2] Doing rows 0 to 39999
[Proc  22] Doing rows 0 to 39999
[Proc  10] Doing rows 0 to 39999
[Proc  28] Doing rows 0 to 39999
[Proc  27] Doing rows 0 to 39999
[Proc  62] Doing rows 0 to 39999
[Proc  60] Doing rows 0 to 39999
[Proc  57] Doing rows 0 to 39999
[Proc  54] Doing rows 0 to 39999
[Proc  47] Doing rows 0 to 39999
[Proc  44] Doing rows 0 to 39999
[Proc  49] Doing rows 0 to 39999
[Proc  51] Doing rows 0 to 39999
[Proc  21] Doing rows 0 to 39999
[Proc   1] Doing rows 0 to 39999
[Proc  36] Doing rows 0 to 39999
[Proc  31] Doing rows 0 to 39999
[Proc  33] Doing rows 0 to 39999
[Proc   5] Doing rows 0 to 39999
[Proc   7] Doing rows 0 to 39999
[Proc  18] Doing rows 0 to 39999
[Proc   4] Doing rows 0 to 39999
[Proc  16] Doing rows 0 to 39999
[Proc  15] Doing rows 0 to 39999
[Proc  13] Doing rows 0 to 39999
[Proc  26] Doing rows 0 to 39999
[Proc  56] Doing rows 0 to 39999
[Proc  12] Doing rows 0 to 39999
[Proc  30] Doing rows 0 to 39999
[Proc  19] Doing rows 0 to 39999
[Proc  17] Doing rows 0 to 39999
[Proc   9] Doing rows 0 to 39999
[Proc  23] Doing rows 0 to 39999
[Proc  37] Doing rows 0 to 39999
[Proc  25] Doing rows 0 to 39999
[Proc   6] Doing rows 0 to 39999
[Proc  38] Doing rows 0 to 39999
[Proc  63] Doing rows 0 to 39999
[Proc  39] Doing rows 0 to 39999
[Proc  59] Doing rows 0 to 39999
[Proc  20] Doing rows 0 to 39999
[Proc  53] Doing rows 0 to 39999
[Proc  55] Doing rows 0 to 39999
[Proc  61] Doing rows 0 to 39999
[Proc  58] Doing rows 0 to 39999
[Proc  11] Doing rows 0 to 39999
[Proc   3] Doing rows 0 to 39999
[Proc  34] Doing rows 0 to 39999
[Proc  35] Doing rows 0 to 39999
[Proc  32] Doing rows 0 to 39999
[Proc  42] Doing rows 0 to 39999
[Proc  45] Doing rows 0 to 39999
[Proc  46] Doing rows 0 to 39999
[Proc  48] Doing rows 0 to 39999
[Proc  41] Doing rows 0 to 39999
[Proc  43] Doing rows 0 to 39999
[Proc  52] Doing rows 0 to 39999
[Proc  40] Doing rows 0 to 39999
[Proc  50] Doing rows 0 to 39999
[Proc  24] Doing rows 0 to 39999
[Proc  29] Doing rows 0 to 39999
Power method: NOT converged in 2000 iteration(s) to largest absolute eigenvalue theta = 39989.304979 in 158.636566 second(s) time.
### 64, 40000, 2000, 39989.304979, 158.636566 ###
Doing 2000 power iterations on 40000x40000 matrix distributed row-wise over 64 processes...
[Proc   0] Doing rows 0 to 39999
[Proc  13] Doing rows 0 to 39999
[Proc  27] Doing rows 0 to 39999
[Proc   9] Doing rows 0 to 39999
[Proc   2] Doing rows 0 to 39999
[Proc  36] Doing rows 0 to 39999
[Proc  21] Doing rows 0 to 39999
[Proc  29] Doing rows 0 to 39999
[Proc  26] Doing rows 0 to 39999
[Proc  33] Doing rows 0 to 39999
[Proc  22] Doing rows 0 to 39999
[Proc  25] Doing rows 0 to 39999
[Proc  31] Doing rows 0 to 39999
[Proc   1] Doing rows 0 to 39999
[Proc   7] Doing rows 0 to 39999
[Proc  37] Doing rows 0 to 39999
[Proc  23] Doing rows 0 to 39999
[Proc  30] Doing rows 0 to 39999
[Proc  38] Doing rows 0 to 39999
[Proc  18] Doing rows 0 to 39999
[Proc  39] Doing rows 0 to 39999
[Proc  20] Doing rows 0 to 39999
[Proc  17] Doing rows 0 to 39999
[Proc   6] Doing rows 0 to 39999
[Proc  58] Doing rows 0 to 39999
[Proc  24] Doing rows 0 to 39999
[Proc  63] Doing rows 0 to 39999
[Proc  56] Doing rows 0 to 39999
[Proc  14] Doing rows 0 to 39999
[Proc  61] Doing rows 0 to 39999
[Proc  59] Doing rows 0 to 39999
[Proc  55] Doing rows 0 to 39999
[Proc  11] Doing rows 0 to 39999
[Proc  53] Doing rows 0 to 39999
[Proc  28] Doing rows 0 to 39999
[Proc  15] Doing rows 0 to 39999
[Proc  16] Doing rows 0 to 39999
[Proc  19] Doing rows 0 to 39999
[Proc   4] Doing rows 0 to 39999
[Proc   5] Doing rows 0 to 39999
[Proc  34] Doing rows 0 to 39999
[Proc  35] Doing rows 0 to 39999
[Proc  12] Doing rows 0 to 39999
[Proc  32] Doing rows 0 to 39999
[Proc  57] Doing rows 0 to 39999
[Proc  10] Doing rows 0 to 39999
[Proc   3] Doing rows 0 to 39999
[Proc  60] Doing rows 0 to 39999
[Proc  62] Doing rows 0 to 39999
[Proc  54] Doing rows 0 to 39999
[Proc   8] Doing rows 0 to 39999
[Proc  45] Doing rows 0 to 39999
[Proc  46] Doing rows 0 to 39999
[Proc  43] Doing rows 0 to 39999
[Proc  40] Doing rows 0 to 39999
[Proc  42] Doing rows 0 to 39999
[Proc  47] Doing rows 0 to 39999
[Proc  41] Doing rows 0 to 39999
[Proc  49] Doing rows 0 to 39999
[Proc  52] Doing rows 0 to 39999
[Proc  44] Doing rows 0 to 39999
[Proc  51] Doing rows 0 to 39999
[Proc  48] Doing rows 0 to 39999
[Proc  50] Doing rows 0 to 39999
Power method: NOT converged in 2000 iteration(s) to largest absolute eigenvalue theta = 39989.304979 in 137.886450 second(s) time.
### 64, 40000, 2000, 39989.304979, 137.886450 ###
Doing 2000 power iterations on 40000x40000 matrix distributed row-wise over 64 processes...
[Proc   0] Doing rows 0 to 39999
[Proc   8] Doing rows 0 to 39999
[Proc  17] Doing rows 0 to 39999
[Proc  36] Doing rows 0 to 39999
[Proc   1] Doing rows 0 to 39999
[Proc  33] Doing rows 0 to 39999
[Proc  29] Doing rows 0 to 39999
[Proc  21] Doing rows 0 to 39999
[Proc  14] Doing rows 0 to 39999
[Proc  24] Doing rows 0 to 39999
[Proc   7] Doing rows 0 to 39999
[Proc  37] Doing rows 0 to 39999
[Proc  25] Doing rows 0 to 39999
[Proc  39] Doing rows 0 to 39999
[Proc   5] Doing rows 0 to 39999
[Proc  23] Doing rows 0 to 39999
[Proc  22] Doing rows 0 to 39999
[Proc  26] Doing rows 0 to 39999
[Proc  20] Doing rows 0 to 39999
[Proc  31] Doing rows 0 to 39999
[Proc  30] Doing rows 0 to 39999
[Proc  63] Doing rows 0 to 39999
[Proc  58] Doing rows 0 to 39999
[Proc  53] Doing rows 0 to 39999
[Proc   4] Doing rows 0 to 39999
[Proc  16] Doing rows 0 to 39999
[Proc  15] Doing rows 0 to 39999
[Proc  38] Doing rows 0 to 39999
[Proc  55] Doing rows 0 to 39999
[Proc  27] Doing rows 0 to 39999
[Proc  59] Doing rows 0 to 39999
[Proc  61] Doing rows 0 to 39999
[Proc  56] Doing rows 0 to 39999
[Proc  11] Doing rows 0 to 39999
[Proc  19] Doing rows 0 to 39999
[Proc  18] Doing rows 0 to 39999
[Proc  54] Doing rows 0 to 39999
[Proc   6] Doing rows 0 to 39999
[Proc  13] Doing rows 0 to 39999
[Proc  32] Doing rows 0 to 39999
[Proc  28] Doing rows 0 to 39999
[Proc  10] Doing rows 0 to 39999
[Proc  12] Doing rows 0 to 39999
[Proc  34] Doing rows 0 to 39999
[Proc   9] Doing rows 0 to 39999
[Proc  35] Doing rows 0 to 39999
[Proc   2] Doing rows 0 to 39999
[Proc   3] Doing rows 0 to 39999
[Proc  57] Doing rows 0 to 39999
[Proc  60] Doing rows 0 to 39999
[Proc  62] Doing rows 0 to 39999
[Proc  42] Doing rows 0 to 39999
[Proc  45] Doing rows 0 to 39999
[Proc  46] Doing rows 0 to 39999
[Proc  47] Doing rows 0 to 39999
[Proc  40] Doing rows 0 to 39999
[Proc  43] Doing rows 0 to 39999
[Proc  49] Doing rows 0 to 39999
[Proc  52] Doing rows 0 to 39999
[Proc  41] Doing rows 0 to 39999
[Proc  48] Doing rows 0 to 39999
[Proc  51] Doing rows 0 to 39999
[Proc  50] Doing rows 0 to 39999
[Proc  44] Doing rows 0 to 39999
Power method: NOT converged in 2000 iteration(s) to largest absolute eigenvalue theta = 39989.304979 in 163.185831 second(s) time.
### 64, 40000, 2000, 39989.304979, 163.185831 ###
Doing 2000 power iterations on 40000x40000 matrix distributed row-wise over 64 processes...
[Proc   0] Doing rows 0 to 39999
[Proc   4] Doing rows 0 to 39999
[Proc  40] Doing rows 0 to 39999
[Proc  44] Doing rows 0 to 39999
[Proc  50] Doing rows 0 to 39999
[Proc  51] Doing rows 0 to 39999
[Proc  48] Doing rows 0 to 39999
[Proc  21] Doing rows 0 to 39999
[Proc  22] Doing rows 0 to 39999
[Proc  24] Doing rows 0 to 39999
[Proc  39] Doing rows 0 to 39999
[Proc  36] Doing rows 0 to 39999
[Proc   7] Doing rows 0 to 39999
[Proc  37] Doing rows 0 to 39999
[Proc  38] Doing rows 0 to 39999
[Proc  30] Doing rows 0 to 39999
[Proc  26] Doing rows 0 to 39999
[Proc  35] Doing rows 0 to 39999
[Proc  32] Doing rows 0 to 39999
[Proc  29] Doing rows 0 to 39999
[Proc   6] Doing rows 0 to 39999
[Proc  23] Doing rows 0 to 39999
[Proc  33] Doing rows 0 to 39999
[Proc  18] Doing rows 0 to 39999
[Proc  61] Doing rows 0 to 39999
[Proc  25] Doing rows 0 to 39999
[Proc  20] Doing rows 0 to 39999
[Proc  34] Doing rows 0 to 39999
[Proc  59] Doing rows 0 to 39999
[Proc   3] Doing rows 0 to 39999
[Proc  14] Doing rows 0 to 39999
[Proc  53] Doing rows 0 to 39999
[Proc   1] Doing rows 0 to 39999
[Proc  15] Doing rows 0 to 39999
[Proc  56] Doing rows 0 to 39999
[Proc  55] Doing rows 0 to 39999
[Proc  58] Doing rows 0 to 39999
[Proc  10] Doing rows 0 to 39999
[Proc  12] Doing rows 0 to 39999
[Proc  63] Doing rows 0 to 39999
[Proc  27] Doing rows 0 to 39999
[Proc  19] Doing rows 0 to 39999
[Proc  31] Doing rows 0 to 39999
[Proc  13] Doing rows 0 to 39999
[Proc  54] Doing rows 0 to 39999
[Proc  11] Doing rows 0 to 39999
[Proc  17] Doing rows 0 to 39999
[Proc  28] Doing rows 0 to 39999
[Proc  16] Doing rows 0 to 39999
[Proc   2] Doing rows 0 to 39999
[Proc   5] Doing rows 0 to 39999
[Proc  60] Doing rows 0 to 39999
[Proc   9] Doing rows 0 to 39999
[Proc  57] Doing rows 0 to 39999
[Proc  62] Doing rows 0 to 39999
[Proc   8] Doing rows 0 to 39999
[Proc  45] Doing rows 0 to 39999
[Proc  42] Doing rows 0 to 39999
[Proc  46] Doing rows 0 to 39999
[Proc  49] Doing rows 0 to 39999
[Proc  47] Doing rows 0 to 39999
[Proc  43] Doing rows 0 to 39999
[Proc  52] Doing rows 0 to 39999
[Proc  41] Doing rows 0 to 39999
Power method: NOT converged in 2000 iteration(s) to largest absolute eigenvalue theta = 39989.304979 in 162.225705 second(s) time.
### 64, 40000, 2000, 39989.304979, 162.225705 ###
Doing 2000 power iterations on 40000x40000 matrix distributed row-wise over 64 processes...
[Proc   0] Doing rows 0 to 39999
[Proc  28] Doing rows 0 to 39999
[Proc   5] Doing rows 0 to 39999
[Proc  23] Doing rows 0 to 39999
[Proc   9] Doing rows 0 to 39999
[Proc  16] Doing rows 0 to 39999
[Proc  25] Doing rows 0 to 39999
[Proc  60] Doing rows 0 to 39999
[Proc   2] Doing rows 0 to 39999
[Proc   4] Doing rows 0 to 39999
[Proc  62] Doing rows 0 to 39999
[Proc  57] Doing rows 0 to 39999
[Proc  12] Doing rows 0 to 39999
[Proc  10] Doing rows 0 to 39999
[Proc   8] Doing rows 0 to 39999
[Proc  45] Doing rows 0 to 39999
[Proc  42] Doing rows 0 to 39999
[Proc  43] Doing rows 0 to 39999
[Proc  46] Doing rows 0 to 39999
[Proc  41] Doing rows 0 to 39999
[Proc  48] Doing rows 0 to 39999
[Proc  47] Doing rows 0 to 39999
[Proc  49] Doing rows 0 to 39999
[Proc  40] Doing rows 0 to 39999
[Proc  52] Doing rows 0 to 39999
[Proc  50] Doing rows 0 to 39999
[Proc  44] Doing rows 0 to 39999
[Proc  51] Doing rows 0 to 39999
[Proc  36] Doing rows 0 to 39999
[Proc  35] Doing rows 0 to 39999
[Proc  37] Doing rows 0 to 39999
[Proc  31] Doing rows 0 to 39999
[Proc  32] Doing rows 0 to 39999
[Proc  34] Doing rows 0 to 39999
[Proc  38] Doing rows 0 to 39999
[Proc  33] Doing rows 0 to 39999
[Proc   7] Doing rows 0 to 39999
[Proc  59] Doing rows 0 to 39999
[Proc  39] Doing rows 0 to 39999
[Proc  55] Doing rows 0 to 39999
[Proc  56] Doing rows 0 to 39999
[Proc  63] Doing rows 0 to 39999
[Proc  26] Doing rows 0 to 39999
[Proc  53] Doing rows 0 to 39999
[Proc  21] Doing rows 0 to 39999
[Proc  58] Doing rows 0 to 39999
[Proc   1] Doing rows 0 to 39999
[Proc  24] Doing rows 0 to 39999
[Proc   6] Doing rows 0 to 39999
[Proc  15] Doing rows 0 to 39999
[Proc  61] Doing rows 0 to 39999
[Proc  11] Doing rows 0 to 39999
[Proc  54] Doing rows 0 to 39999
[Proc  19] Doing rows 0 to 39999
[Proc  18] Doing rows 0 to 39999
[Proc  27] Doing rows 0 to 39999
[Proc  29] Doing rows 0 to 39999
[Proc  20] Doing rows 0 to 39999
[Proc  14] Doing rows 0 to 39999
[Proc  30] Doing rows 0 to 39999
[Proc  22] Doing rows 0 to 39999
[Proc   3] Doing rows 0 to 39999
[Proc  17] Doing rows 0 to 39999
[Proc  13] Doing rows 0 to 39999
Power method: NOT converged in 2000 iteration(s) to largest absolute eigenvalue theta = 39989.304979 in 157.822327 second(s) time.
### 64, 40000, 2000, 39989.304979, 157.822327 ###
