--------------------------------------------------------------------------
Primary job  terminated normally, but 1 process returned
a non-zero exit code. Per user-direction, the job has been aborted.
--------------------------------------------------------------------------
--------------------------------------------------------------------------
mpirun noticed that process rank 0 with PID 0 on node eu-a2p-277 exited on signal 9 (Killed).
--------------------------------------------------------------------------
--------------------------------------------------------------------------
Primary job  terminated normally, but 1 process returned
a non-zero exit code. Per user-direction, the job has been aborted.
--------------------------------------------------------------------------
--------------------------------------------------------------------------
mpirun noticed that process rank 0 with PID 0 on node eu-a2p-277 exited on signal 9 (Killed).
--------------------------------------------------------------------------
--------------------------------------------------------------------------
Primary job  terminated normally, but 1 process returned
a non-zero exit code. Per user-direction, the job has been aborted.
--------------------------------------------------------------------------
--------------------------------------------------------------------------
mpirun noticed that process rank 0 with PID 0 on node eu-a2p-277 exited on signal 9 (Killed).
--------------------------------------------------------------------------
--------------------------------------------------------------------------
Primary job  terminated normally, but 1 process returned
a non-zero exit code. Per user-direction, the job has been aborted.
--------------------------------------------------------------------------
--------------------------------------------------------------------------
mpirun noticed that process rank 0 with PID 0 on node eu-a2p-277 exited on signal 9 (Killed).
--------------------------------------------------------------------------
--------------------------------------------------------------------------
Primary job  terminated normally, but 1 process returned
a non-zero exit code. Per user-direction, the job has been aborted.
--------------------------------------------------------------------------
--------------------------------------------------------------------------
mpirun noticed that process rank 0 with PID 0 on node eu-a2p-277 exited on signal 9 (Killed).
--------------------------------------------------------------------------
--------------------------------------------------------------------------
Primary job  terminated normally, but 1 process returned
a non-zero exit code. Per user-direction, the job has been aborted.
--------------------------------------------------------------------------
--------------------------------------------------------------------------
mpirun noticed that process rank 0 with PID 0 on node eu-a2p-277 exited on signal 9 (Killed).
--------------------------------------------------------------------------
--------------------------------------------------------------------------
Primary job  terminated normally, but 1 process returned
a non-zero exit code. Per user-direction, the job has been aborted.
--------------------------------------------------------------------------
--------------------------------------------------------------------------
mpirun noticed that process rank 0 with PID 0 on node eu-a2p-277 exited on signal 9 (Killed).
--------------------------------------------------------------------------
--------------------------------------------------------------------------
Primary job  terminated normally, but 1 process returned
a non-zero exit code. Per user-direction, the job has been aborted.
--------------------------------------------------------------------------
--------------------------------------------------------------------------
mpirun noticed that process rank 0 with PID 0 on node eu-a2p-277 exited on signal 9 (Killed).
--------------------------------------------------------------------------
--------------------------------------------------------------------------
Primary job  terminated normally, but 1 process returned
a non-zero exit code. Per user-direction, the job has been aborted.
--------------------------------------------------------------------------
--------------------------------------------------------------------------
mpirun noticed that process rank 0 with PID 0 on node eu-a2p-277 exited on signal 9 (Killed).
--------------------------------------------------------------------------
--------------------------------------------------------------------------
Primary job  terminated normally, but 1 process returned
a non-zero exit code. Per user-direction, the job has been aborted.
--------------------------------------------------------------------------
--------------------------------------------------------------------------
mpirun noticed that process rank 0 with PID 0 on node eu-a2p-277 exited on signal 9 (Killed).
--------------------------------------------------------------------------
--------------------------------------------------------------------------
Primary job  terminated normally, but 1 process returned
a non-zero exit code. Per user-direction, the job has been aborted.
--------------------------------------------------------------------------
--------------------------------------------------------------------------
mpirun noticed that process rank 2 with PID 28585 on node eu-a2p-282 exited on signal 9 (Killed).
--------------------------------------------------------------------------
--------------------------------------------------------------------------
Primary job  terminated normally, but 1 process returned
a non-zero exit code. Per user-direction, the job has been aborted.
--------------------------------------------------------------------------
--------------------------------------------------------------------------
mpirun noticed that process rank 1 with PID 25079 on node eu-a2p-281 exited on signal 9 (Killed).
--------------------------------------------------------------------------
--------------------------------------------------------------------------
Primary job  terminated normally, but 1 process returned
a non-zero exit code. Per user-direction, the job has been aborted.
--------------------------------------------------------------------------
--------------------------------------------------------------------------
mpirun noticed that process rank 1 with PID 25164 on node eu-a2p-281 exited on signal 9 (Killed).
--------------------------------------------------------------------------
--------------------------------------------------------------------------
Primary job  terminated normally, but 1 process returned
a non-zero exit code. Per user-direction, the job has been aborted.
--------------------------------------------------------------------------
--------------------------------------------------------------------------
mpirun noticed that process rank 1 with PID 25257 on node eu-a2p-281 exited on signal 9 (Killed).
--------------------------------------------------------------------------
--------------------------------------------------------------------------
Primary job  terminated normally, but 1 process returned
a non-zero exit code. Per user-direction, the job has been aborted.
--------------------------------------------------------------------------
--------------------------------------------------------------------------
mpirun noticed that process rank 1 with PID 25343 on node eu-a2p-281 exited on signal 9 (Killed).
--------------------------------------------------------------------------
--------------------------------------------------------------------------
Primary job  terminated normally, but 1 process returned
a non-zero exit code. Per user-direction, the job has been aborted.
--------------------------------------------------------------------------
--------------------------------------------------------------------------
mpirun noticed that process rank 5 with PID 100853 on node eu-a2p-285 exited on signal 9 (Killed).
--------------------------------------------------------------------------
--------------------------------------------------------------------------
Primary job  terminated normally, but 1 process returned
a non-zero exit code. Per user-direction, the job has been aborted.
--------------------------------------------------------------------------
--------------------------------------------------------------------------
mpirun noticed that process rank 4 with PID 18310 on node eu-a2p-284 exited on signal 9 (Killed).
--------------------------------------------------------------------------
--------------------------------------------------------------------------
Primary job  terminated normally, but 1 process returned
a non-zero exit code. Per user-direction, the job has been aborted.
--------------------------------------------------------------------------
--------------------------------------------------------------------------
mpirun noticed that process rank 1 with PID 25610 on node eu-a2p-281 exited on signal 9 (Killed).
--------------------------------------------------------------------------
--------------------------------------------------------------------------
Primary job  terminated normally, but 1 process returned
a non-zero exit code. Per user-direction, the job has been aborted.
--------------------------------------------------------------------------
--------------------------------------------------------------------------
mpirun noticed that process rank 5 with PID 101057 on node eu-a2p-285 exited on signal 9 (Killed).
--------------------------------------------------------------------------
--------------------------------------------------------------------------
Primary job  terminated normally, but 1 process returned
a non-zero exit code. Per user-direction, the job has been aborted.
--------------------------------------------------------------------------
--------------------------------------------------------------------------
mpirun noticed that process rank 5 with PID 101109 on node eu-a2p-285 exited on signal 9 (Killed).
--------------------------------------------------------------------------
--------------------------------------------------------------------------
Primary job  terminated normally, but 1 process returned
a non-zero exit code. Per user-direction, the job has been aborted.
--------------------------------------------------------------------------
--------------------------------------------------------------------------
mpirun noticed that process rank 9 with PID 78300 on node eu-a2p-289 exited on signal 9 (Killed).
--------------------------------------------------------------------------
--------------------------------------------------------------------------
Primary job  terminated normally, but 1 process returned
a non-zero exit code. Per user-direction, the job has been aborted.
--------------------------------------------------------------------------
--------------------------------------------------------------------------
mpirun noticed that process rank 9 with PID 78361 on node eu-a2p-289 exited on signal 9 (Killed).
--------------------------------------------------------------------------
--------------------------------------------------------------------------
Primary job  terminated normally, but 1 process returned
a non-zero exit code. Per user-direction, the job has been aborted.
--------------------------------------------------------------------------
--------------------------------------------------------------------------
mpirun noticed that process rank 9 with PID 78429 on node eu-a2p-289 exited on signal 9 (Killed).
--------------------------------------------------------------------------
--------------------------------------------------------------------------
Primary job  terminated normally, but 1 process returned
a non-zero exit code. Per user-direction, the job has been aborted.
--------------------------------------------------------------------------
--------------------------------------------------------------------------
mpirun noticed that process rank 5 with PID 101339 on node eu-a2p-285 exited on signal 9 (Killed).
--------------------------------------------------------------------------
--------------------------------------------------------------------------
Primary job  terminated normally, but 1 process returned
a non-zero exit code. Per user-direction, the job has been aborted.
--------------------------------------------------------------------------
--------------------------------------------------------------------------
mpirun noticed that process rank 9 with PID 78560 on node eu-a2p-289 exited on signal 9 (Killed).
--------------------------------------------------------------------------
--------------------------------------------------------------------------
Primary job  terminated normally, but 1 process returned
a non-zero exit code. Per user-direction, the job has been aborted.
--------------------------------------------------------------------------
--------------------------------------------------------------------------
mpirun noticed that process rank 9 with PID 79400 on node eu-a2p-289 exited on signal 9 (Killed).
--------------------------------------------------------------------------
--------------------------------------------------------------------------
Primary job  terminated normally, but 1 process returned
a non-zero exit code. Per user-direction, the job has been aborted.
--------------------------------------------------------------------------
--------------------------------------------------------------------------
mpirun noticed that process rank 9 with PID 79462 on node eu-a2p-289 exited on signal 9 (Killed).
--------------------------------------------------------------------------
--------------------------------------------------------------------------
Primary job  terminated normally, but 1 process returned
a non-zero exit code. Per user-direction, the job has been aborted.
--------------------------------------------------------------------------
--------------------------------------------------------------------------
mpirun noticed that process rank 9 with PID 79524 on node eu-a2p-289 exited on signal 9 (Killed).
--------------------------------------------------------------------------
--------------------------------------------------------------------------
Primary job  terminated normally, but 1 process returned
a non-zero exit code. Per user-direction, the job has been aborted.
--------------------------------------------------------------------------
--------------------------------------------------------------------------
mpirun noticed that process rank 9 with PID 79596 on node eu-a2p-289 exited on signal 9 (Killed).
--------------------------------------------------------------------------
--------------------------------------------------------------------------
Primary job  terminated normally, but 1 process returned
a non-zero exit code. Per user-direction, the job has been aborted.
--------------------------------------------------------------------------
--------------------------------------------------------------------------
mpirun noticed that process rank 9 with PID 79671 on node eu-a2p-289 exited on signal 9 (Killed).
--------------------------------------------------------------------------
--------------------------------------------------------------------------
Primary job  terminated normally, but 1 process returned
a non-zero exit code. Per user-direction, the job has been aborted.
--------------------------------------------------------------------------
--------------------------------------------------------------------------
mpirun noticed that process rank 16 with PID 42626 on node eu-a2p-296 exited on signal 9 (Killed).
--------------------------------------------------------------------------
--------------------------------------------------------------------------
Primary job  terminated normally, but 1 process returned
a non-zero exit code. Per user-direction, the job has been aborted.
--------------------------------------------------------------------------
--------------------------------------------------------------------------
mpirun noticed that process rank 1 with PID 27083 on node eu-a2p-281 exited on signal 9 (Killed).
--------------------------------------------------------------------------
--------------------------------------------------------------------------
Primary job  terminated normally, but 1 process returned
a non-zero exit code. Per user-direction, the job has been aborted.
--------------------------------------------------------------------------
--------------------------------------------------------------------------
mpirun noticed that process rank 1 with PID 27185 on node eu-a2p-281 exited on signal 9 (Killed).
--------------------------------------------------------------------------
--------------------------------------------------------------------------
Primary job  terminated normally, but 1 process returned
a non-zero exit code. Per user-direction, the job has been aborted.
--------------------------------------------------------------------------
--------------------------------------------------------------------------
mpirun noticed that process rank 1 with PID 27287 on node eu-a2p-281 exited on signal 9 (Killed).
--------------------------------------------------------------------------
--------------------------------------------------------------------------
Primary job  terminated normally, but 1 process returned
a non-zero exit code. Per user-direction, the job has been aborted.
--------------------------------------------------------------------------
--------------------------------------------------------------------------
mpirun noticed that process rank 1 with PID 27370 on node eu-a2p-281 exited on signal 9 (Killed).
--------------------------------------------------------------------------
--------------------------------------------------------------------------
Primary job  terminated normally, but 1 process returned
a non-zero exit code. Per user-direction, the job has been aborted.
--------------------------------------------------------------------------
--------------------------------------------------------------------------
mpirun noticed that process rank 5 with PID 102129 on node eu-a2p-285 exited on signal 9 (Killed).
--------------------------------------------------------------------------
--------------------------------------------------------------------------
Primary job  terminated normally, but 1 process returned
a non-zero exit code. Per user-direction, the job has been aborted.
--------------------------------------------------------------------------
--------------------------------------------------------------------------
mpirun noticed that process rank 19 with PID 39162 on node eu-a2p-299 exited on signal 9 (Killed).
--------------------------------------------------------------------------
--------------------------------------------------------------------------
Primary job  terminated normally, but 1 process returned
a non-zero exit code. Per user-direction, the job has been aborted.
--------------------------------------------------------------------------
--------------------------------------------------------------------------
mpirun noticed that process rank 4 with PID 19772 on node eu-a2p-284 exited on signal 9 (Killed).
--------------------------------------------------------------------------
--------------------------------------------------------------------------
Primary job  terminated normally, but 1 process returned
a non-zero exit code. Per user-direction, the job has been aborted.
--------------------------------------------------------------------------
--------------------------------------------------------------------------
mpirun noticed that process rank 1 with PID 27711 on node eu-a2p-281 exited on signal 9 (Killed).
--------------------------------------------------------------------------
--------------------------------------------------------------------------
Primary job  terminated normally, but 1 process returned
a non-zero exit code. Per user-direction, the job has been aborted.
--------------------------------------------------------------------------
--------------------------------------------------------------------------
mpirun noticed that process rank 19 with PID 39374 on node eu-a2p-299 exited on signal 9 (Killed).
--------------------------------------------------------------------------
--------------------------------------------------------------------------
Primary job  terminated normally, but 1 process returned
a non-zero exit code. Per user-direction, the job has been aborted.
--------------------------------------------------------------------------
--------------------------------------------------------------------------
mpirun noticed that process rank 19 with PID 39451 on node eu-a2p-299 exited on signal 9 (Killed).
--------------------------------------------------------------------------
--------------------------------------------------------------------------
Primary job  terminated normally, but 1 process returned
a non-zero exit code. Per user-direction, the job has been aborted.
--------------------------------------------------------------------------
--------------------------------------------------------------------------
mpirun noticed that process rank 4 with PID 20034 on node eu-a2p-284 exited on signal 9 (Killed).
--------------------------------------------------------------------------
--------------------------------------------------------------------------
Primary job  terminated normally, but 1 process returned
a non-zero exit code. Per user-direction, the job has been aborted.
--------------------------------------------------------------------------
--------------------------------------------------------------------------
mpirun noticed that process rank 19 with PID 39602 on node eu-a2p-299 exited on signal 9 (Killed).
--------------------------------------------------------------------------
--------------------------------------------------------------------------
Primary job  terminated normally, but 1 process returned
a non-zero exit code. Per user-direction, the job has been aborted.
--------------------------------------------------------------------------
--------------------------------------------------------------------------
mpirun noticed that process rank 9 with PID 82565 on node eu-a2p-289 exited on signal 9 (Killed).
--------------------------------------------------------------------------
--------------------------------------------------------------------------
Primary job  terminated normally, but 1 process returned
a non-zero exit code. Per user-direction, the job has been aborted.
--------------------------------------------------------------------------
--------------------------------------------------------------------------
mpirun noticed that process rank 16 with PID 43472 on node eu-a2p-296 exited on signal 9 (Killed).
--------------------------------------------------------------------------
--------------------------------------------------------------------------
Primary job  terminated normally, but 1 process returned
a non-zero exit code. Per user-direction, the job has been aborted.
--------------------------------------------------------------------------
--------------------------------------------------------------------------
mpirun noticed that process rank 19 with PID 39852 on node eu-a2p-299 exited on signal 9 (Killed).
--------------------------------------------------------------------------
--------------------------------------------------------------------------
Primary job  terminated normally, but 1 process returned
a non-zero exit code. Per user-direction, the job has been aborted.
--------------------------------------------------------------------------
--------------------------------------------------------------------------
mpirun noticed that process rank 9 with PID 83530 on node eu-a2p-289 exited on signal 9 (Killed).
--------------------------------------------------------------------------
--------------------------------------------------------------------------
Primary job  terminated normally, but 1 process returned
a non-zero exit code. Per user-direction, the job has been aborted.
--------------------------------------------------------------------------
--------------------------------------------------------------------------
mpirun noticed that process rank 9 with PID 83590 on node eu-a2p-289 exited on signal 9 (Killed).
--------------------------------------------------------------------------
--------------------------------------------------------------------------
Primary job  terminated normally, but 1 process returned
a non-zero exit code. Per user-direction, the job has been aborted.
--------------------------------------------------------------------------
--------------------------------------------------------------------------
mpirun noticed that process rank 9 with PID 83659 on node eu-a2p-289 exited on signal 9 (Killed).
--------------------------------------------------------------------------
--------------------------------------------------------------------------
Primary job  terminated normally, but 1 process returned
a non-zero exit code. Per user-direction, the job has been aborted.
--------------------------------------------------------------------------
--------------------------------------------------------------------------
mpirun noticed that process rank 9 with PID 83732 on node eu-a2p-289 exited on signal 9 (Killed).
--------------------------------------------------------------------------
--------------------------------------------------------------------------
Primary job  terminated normally, but 1 process returned
a non-zero exit code. Per user-direction, the job has been aborted.
--------------------------------------------------------------------------
--------------------------------------------------------------------------
mpirun noticed that process rank 5 with PID 103050 on node eu-a2p-285 exited on signal 9 (Killed).
--------------------------------------------------------------------------
--------------------------------------------------------------------------
Primary job  terminated normally, but 1 process returned
a non-zero exit code. Per user-direction, the job has been aborted.
--------------------------------------------------------------------------
--------------------------------------------------------------------------
mpirun noticed that process rank 9 with PID 83862 on node eu-a2p-289 exited on signal 9 (Killed).
--------------------------------------------------------------------------
--------------------------------------------------------------------------
Primary job  terminated normally, but 1 process returned
a non-zero exit code. Per user-direction, the job has been aborted.
--------------------------------------------------------------------------
--------------------------------------------------------------------------
mpirun noticed that process rank 9 with PID 83932 on node eu-a2p-289 exited on signal 9 (Killed).
--------------------------------------------------------------------------
--------------------------------------------------------------------------
Primary job  terminated normally, but 1 process returned
a non-zero exit code. Per user-direction, the job has been aborted.
--------------------------------------------------------------------------
--------------------------------------------------------------------------
mpirun noticed that process rank 5 with PID 103248 on node eu-a2p-285 exited on signal 9 (Killed).
--------------------------------------------------------------------------
--------------------------------------------------------------------------
Primary job  terminated normally, but 1 process returned
a non-zero exit code. Per user-direction, the job has been aborted.
--------------------------------------------------------------------------
--------------------------------------------------------------------------
mpirun noticed that process rank 9 with PID 84064 on node eu-a2p-289 exited on signal 9 (Killed).
--------------------------------------------------------------------------
--------------------------------------------------------------------------
Primary job  terminated normally, but 1 process returned
a non-zero exit code. Per user-direction, the job has been aborted.
--------------------------------------------------------------------------
--------------------------------------------------------------------------
mpirun noticed that process rank 5 with PID 103360 on node eu-a2p-285 exited on signal 9 (Killed).
--------------------------------------------------------------------------
--------------------------------------------------------------------------
Primary job  terminated normally, but 1 process returned
a non-zero exit code. Per user-direction, the job has been aborted.
--------------------------------------------------------------------------
--------------------------------------------------------------------------
mpirun noticed that process rank 4 with PID 21095 on node eu-a2p-284 exited on signal 9 (Killed).
--------------------------------------------------------------------------
--------------------------------------------------------------------------
Primary job  terminated normally, but 1 process returned
a non-zero exit code. Per user-direction, the job has been aborted.
--------------------------------------------------------------------------
--------------------------------------------------------------------------
mpirun noticed that process rank 4 with PID 21163 on node eu-a2p-284 exited on signal 9 (Killed).
--------------------------------------------------------------------------
--------------------------------------------------------------------------
Primary job  terminated normally, but 1 process returned
a non-zero exit code. Per user-direction, the job has been aborted.
--------------------------------------------------------------------------
--------------------------------------------------------------------------
mpirun noticed that process rank 5 with PID 103547 on node eu-a2p-285 exited on signal 9 (Killed).
--------------------------------------------------------------------------
--------------------------------------------------------------------------
Primary job  terminated normally, but 1 process returned
a non-zero exit code. Per user-direction, the job has been aborted.
--------------------------------------------------------------------------
--------------------------------------------------------------------------
mpirun noticed that process rank 5 with PID 103625 on node eu-a2p-285 exited on signal 9 (Killed).
--------------------------------------------------------------------------
--------------------------------------------------------------------------
Primary job  terminated normally, but 1 process returned
a non-zero exit code. Per user-direction, the job has been aborted.
--------------------------------------------------------------------------
--------------------------------------------------------------------------
mpirun noticed that process rank 9 with PID 85945 on node eu-a2p-289 exited on signal 9 (Killed).
--------------------------------------------------------------------------
--------------------------------------------------------------------------
Primary job  terminated normally, but 1 process returned
a non-zero exit code. Per user-direction, the job has been aborted.
--------------------------------------------------------------------------
--------------------------------------------------------------------------
mpirun noticed that process rank 43 with PID 92318 on node eu-a2p-323 exited on signal 9 (Killed).
--------------------------------------------------------------------------
--------------------------------------------------------------------------
Primary job  terminated normally, but 1 process returned
a non-zero exit code. Per user-direction, the job has been aborted.
--------------------------------------------------------------------------
--------------------------------------------------------------------------
mpirun noticed that process rank 16 with PID 44597 on node eu-a2p-296 exited on signal 9 (Killed).
--------------------------------------------------------------------------
--------------------------------------------------------------------------
Primary job  terminated normally, but 1 process returned
a non-zero exit code. Per user-direction, the job has been aborted.
--------------------------------------------------------------------------
--------------------------------------------------------------------------
mpirun noticed that process rank 43 with PID 92796 on node eu-a2p-323 exited on signal 9 (Killed).
--------------------------------------------------------------------------
--------------------------------------------------------------------------
Primary job  terminated normally, but 1 process returned
a non-zero exit code. Per user-direction, the job has been aborted.
--------------------------------------------------------------------------
--------------------------------------------------------------------------
mpirun noticed that process rank 4 with PID 21675 on node eu-a2p-284 exited on signal 9 (Killed).
--------------------------------------------------------------------------
--------------------------------------------------------------------------
mpirun noticed that process rank 5 with PID 104005 on node eu-a2p-285 exited on signal 9 (Killed).
--------------------------------------------------------------------------
--------------------------------------------------------------------------
Primary job  terminated normally, but 1 process returned
a non-zero exit code. Per user-direction, the job has been aborted.
--------------------------------------------------------------------------
--------------------------------------------------------------------------
mpirun noticed that process rank 19 with PID 41504 on node eu-a2p-299 exited on signal 9 (Killed).
--------------------------------------------------------------------------
--------------------------------------------------------------------------
Primary job  terminated normally, but 1 process returned
a non-zero exit code. Per user-direction, the job has been aborted.
--------------------------------------------------------------------------
--------------------------------------------------------------------------
mpirun noticed that process rank 4 with PID 21919 on node eu-a2p-284 exited on signal 9 (Killed).
--------------------------------------------------------------------------
--------------------------------------------------------------------------
Primary job  terminated normally, but 1 process returned
a non-zero exit code. Per user-direction, the job has been aborted.
--------------------------------------------------------------------------
--------------------------------------------------------------------------
mpirun noticed that process rank 19 with PID 41651 on node eu-a2p-299 exited on signal 9 (Killed).
--------------------------------------------------------------------------
--------------------------------------------------------------------------
Primary job  terminated normally, but 1 process returned
a non-zero exit code. Per user-direction, the job has been aborted.
--------------------------------------------------------------------------
--------------------------------------------------------------------------
mpirun noticed that process rank 19 with PID 41721 on node eu-a2p-299 exited on signal 9 (Killed).
--------------------------------------------------------------------------
--------------------------------------------------------------------------
mpirun noticed that process rank 43 with PID 94572 on node eu-a2p-323 exited on signal 9 (Killed).
--------------------------------------------------------------------------
--------------------------------------------------------------------------
Primary job  terminated normally, but 1 process returned
a non-zero exit code. Per user-direction, the job has been aborted.
--------------------------------------------------------------------------
--------------------------------------------------------------------------
mpirun noticed that process rank 19 with PID 41907 on node eu-a2p-299 exited on signal 9 (Killed).
--------------------------------------------------------------------------
--------------------------------------------------------------------------
Primary job  terminated normally, but 1 process returned
a non-zero exit code. Per user-direction, the job has been aborted.
--------------------------------------------------------------------------
--------------------------------------------------------------------------
mpirun noticed that process rank 49 with PID 69869 on node eu-a2p-329 exited on signal 9 (Killed).
--------------------------------------------------------------------------
--------------------------------------------------------------------------
Primary job  terminated normally, but 1 process returned
a non-zero exit code. Per user-direction, the job has been aborted.
--------------------------------------------------------------------------
--------------------------------------------------------------------------
mpirun noticed that process rank 49 with PID 69937 on node eu-a2p-329 exited on signal 9 (Killed).
--------------------------------------------------------------------------
--------------------------------------------------------------------------
Primary job  terminated normally, but 1 process returned
a non-zero exit code. Per user-direction, the job has been aborted.
--------------------------------------------------------------------------
--------------------------------------------------------------------------
mpirun noticed that process rank 19 with PID 42171 on node eu-a2p-299 exited on signal 9 (Killed).
--------------------------------------------------------------------------
--------------------------------------------------------------------------
Primary job  terminated normally, but 1 process returned
a non-zero exit code. Per user-direction, the job has been aborted.
--------------------------------------------------------------------------
--------------------------------------------------------------------------
mpirun noticed that process rank 53 with PID 15070 on node eu-a2p-334 exited on signal 9 (Killed).
--------------------------------------------------------------------------
--------------------------------------------------------------------------
Primary job  terminated normally, but 1 process returned
a non-zero exit code. Per user-direction, the job has been aborted.
--------------------------------------------------------------------------
--------------------------------------------------------------------------
mpirun noticed that process rank 53 with PID 15160 on node eu-a2p-334 exited on signal 9 (Killed).
--------------------------------------------------------------------------
--------------------------------------------------------------------------
Primary job  terminated normally, but 1 process returned
a non-zero exit code. Per user-direction, the job has been aborted.
--------------------------------------------------------------------------
--------------------------------------------------------------------------
mpirun noticed that process rank 53 with PID 15271 on node eu-a2p-334 exited on signal 9 (Killed).
--------------------------------------------------------------------------
--------------------------------------------------------------------------
Primary job  terminated normally, but 1 process returned
a non-zero exit code. Per user-direction, the job has been aborted.
--------------------------------------------------------------------------
--------------------------------------------------------------------------
mpirun noticed that process rank 53 with PID 15362 on node eu-a2p-334 exited on signal 9 (Killed).
--------------------------------------------------------------------------
--------------------------------------------------------------------------
Primary job  terminated normally, but 1 process returned
a non-zero exit code. Per user-direction, the job has been aborted.
--------------------------------------------------------------------------
--------------------------------------------------------------------------
mpirun noticed that process rank 53 with PID 15457 on node eu-a2p-334 exited on signal 9 (Killed).
--------------------------------------------------------------------------
--------------------------------------------------------------------------
Primary job  terminated normally, but 1 process returned
a non-zero exit code. Per user-direction, the job has been aborted.
--------------------------------------------------------------------------
--------------------------------------------------------------------------
mpirun noticed that process rank 53 with PID 15548 on node eu-a2p-334 exited on signal 9 (Killed).
--------------------------------------------------------------------------
--------------------------------------------------------------------------
Primary job  terminated normally, but 1 process returned
a non-zero exit code. Per user-direction, the job has been aborted.
--------------------------------------------------------------------------
--------------------------------------------------------------------------
mpirun noticed that process rank 53 with PID 15677 on node eu-a2p-334 exited on signal 9 (Killed).
--------------------------------------------------------------------------
--------------------------------------------------------------------------
Primary job  terminated normally, but 1 process returned
a non-zero exit code. Per user-direction, the job has been aborted.
--------------------------------------------------------------------------
--------------------------------------------------------------------------
mpirun noticed that process rank 53 with PID 15780 on node eu-a2p-334 exited on signal 9 (Killed).
--------------------------------------------------------------------------
--------------------------------------------------------------------------
Primary job  terminated normally, but 1 process returned
a non-zero exit code. Per user-direction, the job has been aborted.
--------------------------------------------------------------------------
--------------------------------------------------------------------------
mpirun noticed that process rank 5 with PID 105227 on node eu-a2p-285 exited on signal 9 (Killed).
--------------------------------------------------------------------------
--------------------------------------------------------------------------
Primary job  terminated normally, but 1 process returned
a non-zero exit code. Per user-direction, the job has been aborted.
--------------------------------------------------------------------------
--------------------------------------------------------------------------
mpirun noticed that process rank 16 with PID 46106 on node eu-a2p-296 exited on signal 9 (Killed).
--------------------------------------------------------------------------
--------------------------------------------------------------------------
Primary job  terminated normally, but 1 process returned
a non-zero exit code. Per user-direction, the job has been aborted.
--------------------------------------------------------------------------
--------------------------------------------------------------------------
mpirun noticed that process rank 53 with PID 16059 on node eu-a2p-334 exited on signal 9 (Killed).
--------------------------------------------------------------------------
--------------------------------------------------------------------------
Primary job  terminated normally, but 1 process returned
a non-zero exit code. Per user-direction, the job has been aborted.
--------------------------------------------------------------------------
--------------------------------------------------------------------------
mpirun noticed that process rank 53 with PID 16172 on node eu-a2p-334 exited on signal 9 (Killed).
--------------------------------------------------------------------------
--------------------------------------------------------------------------
Primary job  terminated normally, but 1 process returned
a non-zero exit code. Per user-direction, the job has been aborted.
--------------------------------------------------------------------------
--------------------------------------------------------------------------
mpirun noticed that process rank 5 with PID 105521 on node eu-a2p-285 exited on signal 9 (Killed).
--------------------------------------------------------------------------
--------------------------------------------------------------------------
Primary job  terminated normally, but 1 process returned
a non-zero exit code. Per user-direction, the job has been aborted.
--------------------------------------------------------------------------
--------------------------------------------------------------------------
mpirun noticed that process rank 16 with PID 46391 on node eu-a2p-296 exited on signal 9 (Killed).
--------------------------------------------------------------------------
--------------------------------------------------------------------------
Primary job  terminated normally, but 1 process returned
a non-zero exit code. Per user-direction, the job has been aborted.
--------------------------------------------------------------------------
--------------------------------------------------------------------------
mpirun noticed that process rank 53 with PID 16467 on node eu-a2p-334 exited on signal 9 (Killed).
--------------------------------------------------------------------------
slurmstepd: error: Detected 90 oom_kill events in StepId=59331571.batch. Some of the step tasks have been OOM Killed.
