Doing 3000 power iterations on 10000x10000 matrix distributed row-wise over 1 processes...
[Proc   0] Doing rows 0 to 9999
Power method: NOT converged in 3000 iteration(s) to largest absolute eigenvalue theta = 9997.060048 in 291.644362 second(s) time.
### 1, 10000, 3000, 9997.060048, 291.644362 ###
Doing 3000 power iterations on 10000x10000 matrix distributed row-wise over 1 processes...
[Proc   0] Doing rows 0 to 9999
Power method: NOT converged in 3000 iteration(s) to largest absolute eigenvalue theta = 9997.060048 in 291.388745 second(s) time.
### 1, 10000, 3000, 9997.060048, 291.388745 ###
Doing 3000 power iterations on 10000x10000 matrix distributed row-wise over 1 processes...
[Proc   0] Doing rows 0 to 9999
Power method: NOT converged in 3000 iteration(s) to largest absolute eigenvalue theta = 9997.060048 in 291.440053 second(s) time.
### 1, 10000, 3000, 9997.060048, 291.440053 ###
Doing 3000 power iterations on 10000x10000 matrix distributed row-wise over 1 processes...
[Proc   0] Doing rows 0 to 9999
Power method: NOT converged in 3000 iteration(s) to largest absolute eigenvalue theta = 9997.060048 in 291.455309 second(s) time.
### 1, 10000, 3000, 9997.060048, 291.455309 ###
Doing 3000 power iterations on 10000x10000 matrix distributed row-wise over 1 processes...
[Proc   0] Doing rows 0 to 9999
Power method: NOT converged in 3000 iteration(s) to largest absolute eigenvalue theta = 9997.060048 in 291.234812 second(s) time.
### 1, 10000, 3000, 9997.060048, 291.234812 ###
[Proc   1] Doing rows 0 to 9999
Doing 3000 power iterations on 10000x10000 matrix distributed row-wise over 2 processes...
[Proc   0] Doing rows 0 to 9999
Power method: NOT converged in 3000 iteration(s) to largest absolute eigenvalue theta = 9997.060048 in 147.305769 second(s) time.
### 2, 10000, 3000, 9997.060048, 147.305769 ###
[Proc   1] Doing rows 0 to 9999
Doing 3000 power iterations on 10000x10000 matrix distributed row-wise over 2 processes...
[Proc   0] Doing rows 0 to 9999
Power method: NOT converged in 3000 iteration(s) to largest absolute eigenvalue theta = 9997.060048 in 146.449045 second(s) time.
### 2, 10000, 3000, 9997.060048, 146.449045 ###
[Proc   1] Doing rows 0 to 9999
Doing 3000 power iterations on 10000x10000 matrix distributed row-wise over 2 processes...
[Proc   0] Doing rows 0 to 9999
Power method: NOT converged in 3000 iteration(s) to largest absolute eigenvalue theta = 9997.060048 in 146.959968 second(s) time.
### 2, 10000, 3000, 9997.060048, 146.959968 ###
Doing 3000 power iterations on 10000x10000 matrix distributed row-wise over 2 processes...
[Proc   0] Doing rows 0 to 9999
[Proc   1] Doing rows 0 to 9999
Power method: NOT converged in 3000 iteration(s) to largest absolute eigenvalue theta = 9997.060048 in 146.912756 second(s) time.
### 2, 10000, 3000, 9997.060048, 146.912756 ###
[Proc   1] Doing rows 0 to 9999
Doing 3000 power iterations on 10000x10000 matrix distributed row-wise over 2 processes...
[Proc   0] Doing rows 0 to 9999
Power method: NOT converged in 3000 iteration(s) to largest absolute eigenvalue theta = 9997.060048 in 146.941560 second(s) time.
### 2, 10000, 3000, 9997.060048, 146.941560 ###
[Proc   2] Doing rows 0 to 9999
[Proc   3] Doing rows 0 to 9999
Doing 3000 power iterations on 10000x10000 matrix distributed row-wise over 4 processes...
[Proc   0] Doing rows 0 to 9999
[Proc   1] Doing rows 0 to 9999
Power method: NOT converged in 3000 iteration(s) to largest absolute eigenvalue theta = 9997.060048 in 74.776716 second(s) time.
### 4, 10000, 3000, 9997.060048, 74.776716 ###
Doing 3000 power iterations on 10000x10000 matrix distributed row-wise over 4 processes...
[Proc   0] Doing rows 0 to 9999
[Proc   1] Doing rows 0 to 9999
[Proc   2] Doing rows 0 to 9999
[Proc   3] Doing rows 0 to 9999
Power method: NOT converged in 3000 iteration(s) to largest absolute eigenvalue theta = 9997.060048 in 74.787258 second(s) time.
### 4, 10000, 3000, 9997.060048, 74.787258 ###
Doing 3000 power iterations on 10000x10000 matrix distributed row-wise over 4 processes...
[Proc   0] Doing rows 0 to 9999
[Proc   1] Doing rows 0 to 9999
[Proc   2] Doing rows 0 to 9999
[Proc   3] Doing rows 0 to 9999
Power method: NOT converged in 3000 iteration(s) to largest absolute eigenvalue theta = 9997.060048 in 74.412041 second(s) time.
### 4, 10000, 3000, 9997.060048, 74.412041 ###
Doing 3000 power iterations on 10000x10000 matrix distributed row-wise over 4 processes...
[Proc   0] Doing rows 0 to 9999
[Proc   1] Doing rows 0 to 9999
[Proc   2] Doing rows 0 to 9999
[Proc   3] Doing rows 0 to 9999
Power method: NOT converged in 3000 iteration(s) to largest absolute eigenvalue theta = 9997.060048 in 74.486362 second(s) time.
### 4, 10000, 3000, 9997.060048, 74.486362 ###
[Proc   1] Doing rows 0 to 9999
[Proc   2] Doing rows 0 to 9999
[Proc   3] Doing rows 0 to 9999
Doing 3000 power iterations on 10000x10000 matrix distributed row-wise over 4 processes...
[Proc   0] Doing rows 0 to 9999
Power method: NOT converged in 3000 iteration(s) to largest absolute eigenvalue theta = 9997.060048 in 74.503258 second(s) time.
### 4, 10000, 3000, 9997.060048, 74.503258 ###
[Proc   1] Doing rows 0 to 9999
[Proc   2] Doing rows 0 to 9999
[Proc   3] Doing rows 0 to 9999
[Proc   4] Doing rows 0 to 9999
[Proc   5] Doing rows 0 to 9999
[Proc   6] Doing rows 0 to 9999
[Proc   7] Doing rows 0 to 9999
Doing 3000 power iterations on 10000x10000 matrix distributed row-wise over 8 processes...
[Proc   0] Doing rows 0 to 9999
Power method: NOT converged in 3000 iteration(s) to largest absolute eigenvalue theta = 9997.060048 in 37.981364 second(s) time.
### 8, 10000, 3000, 9997.060048, 37.981364 ###
Doing 3000 power iterations on 10000x10000 matrix distributed row-wise over 8 processes...
[Proc   0] Doing rows 0 to 9999
[Proc   1] Doing rows 0 to 9999
[Proc   2] Doing rows 0 to 9999
[Proc   3] Doing rows 0 to 9999
[Proc   4] Doing rows 0 to 9999
[Proc   5] Doing rows 0 to 9999
[Proc   6] Doing rows 0 to 9999
[Proc   7] Doing rows 0 to 9999
Power method: NOT converged in 3000 iteration(s) to largest absolute eigenvalue theta = 9997.060048 in 37.952725 second(s) time.
### 8, 10000, 3000, 9997.060048, 37.952725 ###
Doing 3000 power iterations on 10000x10000 matrix distributed row-wise over 8 processes...
[Proc   0] Doing rows 0 to 9999
[Proc   1] Doing rows 0 to 9999
[Proc   2] Doing rows 0 to 9999
[Proc   3] Doing rows 0 to 9999
[Proc   4] Doing rows 0 to 9999
[Proc   5] Doing rows 0 to 9999
[Proc   6] Doing rows 0 to 9999
[Proc   7] Doing rows 0 to 9999
Power method: NOT converged in 3000 iteration(s) to largest absolute eigenvalue theta = 9997.060048 in 38.058265 second(s) time.
### 8, 10000, 3000, 9997.060048, 38.058265 ###
[Proc   7] Doing rows 0 to 9999
Doing 3000 power iterations on 10000x10000 matrix distributed row-wise over 8 processes...
[Proc   0] Doing rows 0 to 9999
[Proc   1] Doing rows 0 to 9999
[Proc   2] Doing rows 0 to 9999
[Proc   3] Doing rows 0 to 9999
[Proc   4] Doing rows 0 to 9999
[Proc   5] Doing rows 0 to 9999
[Proc   6] Doing rows 0 to 9999
Power method: NOT converged in 3000 iteration(s) to largest absolute eigenvalue theta = 9997.060048 in 38.078185 second(s) time.
### 8, 10000, 3000, 9997.060048, 38.078185 ###
Doing 3000 power iterations on 10000x10000 matrix distributed row-wise over 8 processes...
[Proc   0] Doing rows 0 to 9999
[Proc   1] Doing rows 0 to 9999
[Proc   2] Doing rows 0 to 9999
[Proc   3] Doing rows 0 to 9999
[Proc   4] Doing rows 0 to 9999
[Proc   5] Doing rows 0 to 9999
[Proc   6] Doing rows 0 to 9999
[Proc   7] Doing rows 0 to 9999
Power method: NOT converged in 3000 iteration(s) to largest absolute eigenvalue theta = 9997.060048 in 38.053584 second(s) time.
### 8, 10000, 3000, 9997.060048, 38.053584 ###
[Proc   5] Doing rows 0 to 9999
[Proc   6] Doing rows 0 to 9999
[Proc   7] Doing rows 0 to 9999
[Proc   8] Doing rows 0 to 9999
[Proc   9] Doing rows 0 to 9999
[Proc  10] Doing rows 0 to 9999
[Proc  11] Doing rows 0 to 9999
[Proc  12] Doing rows 0 to 9999
[Proc  13] Doing rows 0 to 9999
[Proc  14] Doing rows 0 to 9999
[Proc  15] Doing rows 0 to 9999
Doing 3000 power iterations on 10000x10000 matrix distributed row-wise over 16 processes...
[Proc   0] Doing rows 0 to 9999
[Proc   1] Doing rows 0 to 9999
[Proc   2] Doing rows 0 to 9999
[Proc   3] Doing rows 0 to 9999
[Proc   4] Doing rows 0 to 9999
Power method: NOT converged in 3000 iteration(s) to largest absolute eigenvalue theta = 9997.060048 in 22.160543 second(s) time.
### 16, 10000, 3000, 9997.060048, 22.160543 ###
[Proc   2] Doing rows 0 to 9999
[Proc   3] Doing rows 0 to 9999
[Proc   4] Doing rows 0 to 9999
[Proc   5] Doing rows 0 to 9999
[Proc   6] Doing rows 0 to 9999
[Proc   7] Doing rows 0 to 9999
[Proc   8] Doing rows 0 to 9999
[Proc   9] Doing rows 0 to 9999
[Proc  10] Doing rows 0 to 9999
[Proc  11] Doing rows 0 to 9999
[Proc  12] Doing rows 0 to 9999
[Proc  13] Doing rows 0 to 9999
[Proc  14] Doing rows 0 to 9999
[Proc  15] Doing rows 0 to 9999
Doing 3000 power iterations on 10000x10000 matrix distributed row-wise over 16 processes...
[Proc   0] Doing rows 0 to 9999
[Proc   1] Doing rows 0 to 9999
Power method: NOT converged in 3000 iteration(s) to largest absolute eigenvalue theta = 9997.060048 in 28.688468 second(s) time.
### 16, 10000, 3000, 9997.060048, 28.688468 ###
[Proc  12] Doing rows 0 to 9999
[Proc  13] Doing rows 0 to 9999
[Proc  14] Doing rows 0 to 9999
[Proc  15] Doing rows 0 to 9999
Doing 3000 power iterations on 10000x10000 matrix distributed row-wise over 16 processes...
[Proc   0] Doing rows 0 to 9999
[Proc   1] Doing rows 0 to 9999
[Proc   2] Doing rows 0 to 9999
[Proc   3] Doing rows 0 to 9999
[Proc   4] Doing rows 0 to 9999
[Proc   5] Doing rows 0 to 9999
[Proc   6] Doing rows 0 to 9999
[Proc   7] Doing rows 0 to 9999
[Proc   8] Doing rows 0 to 9999
[Proc   9] Doing rows 0 to 9999
[Proc  10] Doing rows 0 to 9999
[Proc  11] Doing rows 0 to 9999
Power method: NOT converged in 3000 iteration(s) to largest absolute eigenvalue theta = 9997.060048 in 24.483308 second(s) time.
### 16, 10000, 3000, 9997.060048, 24.483308 ###
[Proc  14] Doing rows 0 to 9999
[Proc  15] Doing rows 0 to 9999
Doing 3000 power iterations on 10000x10000 matrix distributed row-wise over 16 processes...
[Proc   0] Doing rows 0 to 9999
[Proc   1] Doing rows 0 to 9999
[Proc   2] Doing rows 0 to 9999
[Proc   3] Doing rows 0 to 9999
[Proc   4] Doing rows 0 to 9999
[Proc   5] Doing rows 0 to 9999
[Proc   6] Doing rows 0 to 9999
[Proc   7] Doing rows 0 to 9999
[Proc   8] Doing rows 0 to 9999
[Proc   9] Doing rows 0 to 9999
[Proc  10] Doing rows 0 to 9999
[Proc  11] Doing rows 0 to 9999
[Proc  12] Doing rows 0 to 9999
[Proc  13] Doing rows 0 to 9999
Power method: NOT converged in 3000 iteration(s) to largest absolute eigenvalue theta = 9997.060048 in 23.591288 second(s) time.
### 16, 10000, 3000, 9997.060048, 23.591288 ###
[Proc  14] Doing rows 0 to 9999
[Proc  15] Doing rows 0 to 9999
Doing 3000 power iterations on 10000x10000 matrix distributed row-wise over 16 processes...
[Proc   0] Doing rows 0 to 9999
[Proc   1] Doing rows 0 to 9999
[Proc   2] Doing rows 0 to 9999
[Proc   3] Doing rows 0 to 9999
[Proc   4] Doing rows 0 to 9999
[Proc   5] Doing rows 0 to 9999
[Proc   6] Doing rows 0 to 9999
[Proc   7] Doing rows 0 to 9999
[Proc   8] Doing rows 0 to 9999
[Proc   9] Doing rows 0 to 9999
[Proc  10] Doing rows 0 to 9999
[Proc  11] Doing rows 0 to 9999
[Proc  12] Doing rows 0 to 9999
[Proc  13] Doing rows 0 to 9999
Power method: NOT converged in 3000 iteration(s) to largest absolute eigenvalue theta = 9997.060048 in 23.568655 second(s) time.
### 16, 10000, 3000, 9997.060048, 23.568655 ###
[Proc  29] Doing rows 0 to 9999
[Proc  30] Doing rows 0 to 9999
[Proc  31] Doing rows 0 to 9999
Doing 3000 power iterations on 10000x10000 matrix distributed row-wise over 32 processes...
[Proc   0] Doing rows 0 to 9999
[Proc   1] Doing rows 0 to 9999
[Proc   2] Doing rows 0 to 9999
[Proc   3] Doing rows 0 to 9999
[Proc   4] Doing rows 0 to 9999
[Proc   5] Doing rows 0 to 9999
[Proc   6] Doing rows 0 to 9999
[Proc   7] Doing rows 0 to 9999
[Proc   8] Doing rows 0 to 9999
[Proc   9] Doing rows 0 to 9999
[Proc  10] Doing rows 0 to 9999
[Proc  11] Doing rows 0 to 9999
[Proc  12] Doing rows 0 to 9999
[Proc  13] Doing rows 0 to 9999
[Proc  14] Doing rows 0 to 9999
[Proc  15] Doing rows 0 to 9999
[Proc  16] Doing rows 0 to 9999
[Proc  17] Doing rows 0 to 9999
[Proc  18] Doing rows 0 to 9999
[Proc  19] Doing rows 0 to 9999
[Proc  20] Doing rows 0 to 9999
[Proc  21] Doing rows 0 to 9999
[Proc  22] Doing rows 0 to 9999
[Proc  23] Doing rows 0 to 9999
[Proc  24] Doing rows 0 to 9999
[Proc  25] Doing rows 0 to 9999
[Proc  26] Doing rows 0 to 9999
[Proc  27] Doing rows 0 to 9999
[Proc  28] Doing rows 0 to 9999
Power method: NOT converged in 3000 iteration(s) to largest absolute eigenvalue theta = 9997.060048 in 17.020430 second(s) time.
### 32, 10000, 3000, 9997.060048, 17.020430 ###
[Proc  17] Doing rows 0 to 9999
[Proc  18] Doing rows 0 to 9999
[Proc  19] Doing rows 0 to 9999
[Proc  20] Doing rows 0 to 9999
[Proc  21] Doing rows 0 to 9999
[Proc  22] Doing rows 0 to 9999
[Proc  23] Doing rows 0 to 9999
[Proc  24] Doing rows 0 to 9999
[Proc  25] Doing rows 0 to 9999
[Proc  26] Doing rows 0 to 9999
[Proc  27] Doing rows 0 to 9999
[Proc  28] Doing rows 0 to 9999
[Proc  29] Doing rows 0 to 9999
[Proc  30] Doing rows 0 to 9999
[Proc  31] Doing rows 0 to 9999
Doing 3000 power iterations on 10000x10000 matrix distributed row-wise over 32 processes...
[Proc   0] Doing rows 0 to 9999
[Proc   1] Doing rows 0 to 9999
[Proc   2] Doing rows 0 to 9999
[Proc   3] Doing rows 0 to 9999
[Proc   4] Doing rows 0 to 9999
[Proc   5] Doing rows 0 to 9999
[Proc   6] Doing rows 0 to 9999
[Proc   7] Doing rows 0 to 9999
[Proc   8] Doing rows 0 to 9999
[Proc   9] Doing rows 0 to 9999
[Proc  10] Doing rows 0 to 9999
[Proc  11] Doing rows 0 to 9999
[Proc  12] Doing rows 0 to 9999
[Proc  13] Doing rows 0 to 9999
[Proc  14] Doing rows 0 to 9999
[Proc  15] Doing rows 0 to 9999
[Proc  16] Doing rows 0 to 9999
Power method: NOT converged in 3000 iteration(s) to largest absolute eigenvalue theta = 9997.060048 in 15.937027 second(s) time.
### 32, 10000, 3000, 9997.060048, 15.937027 ###
[Proc  26] Doing rows 0 to 9999
[Proc  27] Doing rows 0 to 9999
[Proc  28] Doing rows 0 to 9999
[Proc  29] Doing rows 0 to 9999
[Proc  30] Doing rows 0 to 9999
[Proc  31] Doing rows 0 to 9999
Doing 3000 power iterations on 10000x10000 matrix distributed row-wise over 32 processes...
[Proc   0] Doing rows 0 to 9999
[Proc   1] Doing rows 0 to 9999
[Proc   2] Doing rows 0 to 9999
[Proc   3] Doing rows 0 to 9999
[Proc   4] Doing rows 0 to 9999
[Proc   5] Doing rows 0 to 9999
[Proc   6] Doing rows 0 to 9999
[Proc   7] Doing rows 0 to 9999
[Proc   8] Doing rows 0 to 9999
[Proc   9] Doing rows 0 to 9999
[Proc  10] Doing rows 0 to 9999
[Proc  11] Doing rows 0 to 9999
[Proc  12] Doing rows 0 to 9999
[Proc  13] Doing rows 0 to 9999
[Proc  14] Doing rows 0 to 9999
[Proc  15] Doing rows 0 to 9999
[Proc  16] Doing rows 0 to 9999
[Proc  17] Doing rows 0 to 9999
[Proc  18] Doing rows 0 to 9999
[Proc  19] Doing rows 0 to 9999
[Proc  20] Doing rows 0 to 9999
[Proc  21] Doing rows 0 to 9999
[Proc  22] Doing rows 0 to 9999
[Proc  23] Doing rows 0 to 9999
[Proc  24] Doing rows 0 to 9999
[Proc  25] Doing rows 0 to 9999
Power method: NOT converged in 3000 iteration(s) to largest absolute eigenvalue theta = 9997.060048 in 16.606030 second(s) time.
### 32, 10000, 3000, 9997.060048, 16.606030 ###
[Proc   8] Doing rows 0 to 9999
[Proc   9] Doing rows 0 to 9999
[Proc  10] Doing rows 0 to 9999
[Proc  11] Doing rows 0 to 9999
[Proc  12] Doing rows 0 to 9999
[Proc  13] Doing rows 0 to 9999
[Proc  14] Doing rows 0 to 9999
[Proc  15] Doing rows 0 to 9999
[Proc  16] Doing rows 0 to 9999
[Proc  17] Doing rows 0 to 9999
[Proc  18] Doing rows 0 to 9999
[Proc  19] Doing rows 0 to 9999
[Proc  20] Doing rows 0 to 9999
[Proc  21] Doing rows 0 to 9999
[Proc  22] Doing rows 0 to 9999
[Proc  23] Doing rows 0 to 9999
[Proc  24] Doing rows 0 to 9999
[Proc  25] Doing rows 0 to 9999
[Proc  26] Doing rows 0 to 9999
[Proc  27] Doing rows 0 to 9999
[Proc  28] Doing rows 0 to 9999
[Proc  29] Doing rows 0 to 9999
[Proc  30] Doing rows 0 to 9999
[Proc  31] Doing rows 0 to 9999
Doing 3000 power iterations on 10000x10000 matrix distributed row-wise over 32 processes...
[Proc   0] Doing rows 0 to 9999
[Proc   1] Doing rows 0 to 9999
[Proc   2] Doing rows 0 to 9999
[Proc   3] Doing rows 0 to 9999
[Proc   4] Doing rows 0 to 9999
[Proc   5] Doing rows 0 to 9999
[Proc   6] Doing rows 0 to 9999
[Proc   7] Doing rows 0 to 9999
Power method: NOT converged in 3000 iteration(s) to largest absolute eigenvalue theta = 9997.060048 in 16.744282 second(s) time.
### 32, 10000, 3000, 9997.060048, 16.744282 ###
[Proc  18] Doing rows 0 to 9999
[Proc  19] Doing rows 0 to 9999
[Proc  20] Doing rows 0 to 9999
[Proc  21] Doing rows 0 to 9999
[Proc  22] Doing rows 0 to 9999
[Proc  23] Doing rows 0 to 9999
[Proc  24] Doing rows 0 to 9999
[Proc  25] Doing rows 0 to 9999
[Proc  26] Doing rows 0 to 9999
[Proc  27] Doing rows 0 to 9999
[Proc  28] Doing rows 0 to 9999
[Proc  29] Doing rows 0 to 9999
[Proc  30] Doing rows 0 to 9999
[Proc  31] Doing rows 0 to 9999
Doing 3000 power iterations on 10000x10000 matrix distributed row-wise over 32 processes...
[Proc   0] Doing rows 0 to 9999
[Proc   1] Doing rows 0 to 9999
[Proc   2] Doing rows 0 to 9999
[Proc   3] Doing rows 0 to 9999
[Proc   4] Doing rows 0 to 9999
[Proc   5] Doing rows 0 to 9999
[Proc   6] Doing rows 0 to 9999
[Proc   7] Doing rows 0 to 9999
[Proc   8] Doing rows 0 to 9999
[Proc   9] Doing rows 0 to 9999
[Proc  10] Doing rows 0 to 9999
[Proc  11] Doing rows 0 to 9999
[Proc  12] Doing rows 0 to 9999
[Proc  13] Doing rows 0 to 9999
[Proc  14] Doing rows 0 to 9999
[Proc  15] Doing rows 0 to 9999
[Proc  16] Doing rows 0 to 9999
[Proc  17] Doing rows 0 to 9999
Power method: NOT converged in 3000 iteration(s) to largest absolute eigenvalue theta = 9997.060048 in 16.779803 second(s) time.
### 32, 10000, 3000, 9997.060048, 16.779803 ###
[Proc  36] Doing rows 0 to 9999
[Proc  37] Doing rows 0 to 9999
[Proc  38] Doing rows 0 to 9999
[Proc  39] Doing rows 0 to 9999
[Proc  40] Doing rows 0 to 9999
[Proc  41] Doing rows 0 to 9999
[Proc  42] Doing rows 0 to 9999
[Proc  43] Doing rows 0 to 9999
[Proc  44] Doing rows 0 to 9999
[Proc  45] Doing rows 0 to 9999
[Proc  46] Doing rows 0 to 9999
[Proc  47] Doing rows 0 to 9999
[Proc  48] Doing rows 0 to 9999
[Proc  49] Doing rows 0 to 9999
[Proc  50] Doing rows 0 to 9999
[Proc  51] Doing rows 0 to 9999
[Proc  52] Doing rows 0 to 9999
[Proc  53] Doing rows 0 to 9999
[Proc  54] Doing rows 0 to 9999
[Proc  55] Doing rows 0 to 9999
[Proc  56] Doing rows 0 to 9999
[Proc  57] Doing rows 0 to 9999
[Proc  58] Doing rows 0 to 9999
[Proc  59] Doing rows 0 to 9999
[Proc  60] Doing rows 0 to 9999
[Proc  61] Doing rows 0 to 9999
[Proc  62] Doing rows 0 to 9999
[Proc  63] Doing rows 0 to 9999
[Proc   2] Doing rows 0 to 9999
[Proc   3] Doing rows 0 to 9999
[Proc   4] Doing rows 0 to 9999
[Proc   5] Doing rows 0 to 9999
[Proc   6] Doing rows 0 to 9999
[Proc   7] Doing rows 0 to 9999
[Proc   8] Doing rows 0 to 9999
[Proc   9] Doing rows 0 to 9999
[Proc  10] Doing rows 0 to 9999
[Proc  11] Doing rows 0 to 9999
[Proc  12] Doing rows 0 to 9999
[Proc  13] Doing rows 0 to 9999
[Proc  14] Doing rows 0 to 9999
[Proc  15] Doing rows 0 to 9999
[Proc  16] Doing rows 0 to 9999
[Proc  17] Doing rows 0 to 9999
[Proc  18] Doing rows 0 to 9999
[Proc  19] Doing rows 0 to 9999
[Proc  20] Doing rows 0 to 9999
[Proc  21] Doing rows 0 to 9999
[Proc  22] Doing rows 0 to 9999
[Proc  23] Doing rows 0 to 9999
[Proc  24] Doing rows 0 to 9999
[Proc  25] Doing rows 0 to 9999
[Proc  26] Doing rows 0 to 9999
[Proc  27] Doing rows 0 to 9999
[Proc  28] Doing rows 0 to 9999
[Proc  29] Doing rows 0 to 9999
[Proc  30] Doing rows 0 to 9999
[Proc  31] Doing rows 0 to 9999
[Proc  32] Doing rows 0 to 9999
[Proc  33] Doing rows 0 to 9999
[Proc  34] Doing rows 0 to 9999
[Proc  35] Doing rows 0 to 9999
Doing 3000 power iterations on 10000x10000 matrix distributed row-wise over 64 processes...
[Proc   0] Doing rows 0 to 9999
[Proc   1] Doing rows 0 to 9999
Power method: NOT converged in 3000 iteration(s) to largest absolute eigenvalue theta = 9997.060048 in 15.422995 second(s) time.
### 64, 10000, 3000, 9997.060048, 15.422995 ###
[Proc  53] Doing rows 0 to 9999
[Proc  54] Doing rows 0 to 9999
[Proc  55] Doing rows 0 to 9999
[Proc  56] Doing rows 0 to 9999
[Proc  57] Doing rows 0 to 9999
[Proc  58] Doing rows 0 to 9999
[Proc  59] Doing rows 0 to 9999
[Proc  60] Doing rows 0 to 9999
[Proc  61] Doing rows 0 to 9999
[Proc  62] Doing rows 0 to 9999
[Proc  63] Doing rows 0 to 9999
[Proc   3] Doing rows 0 to 9999
[Proc   4] Doing rows 0 to 9999
[Proc   5] Doing rows 0 to 9999
[Proc   6] Doing rows 0 to 9999
[Proc   7] Doing rows 0 to 9999
[Proc   8] Doing rows 0 to 9999
[Proc   9] Doing rows 0 to 9999
[Proc  10] Doing rows 0 to 9999
[Proc  11] Doing rows 0 to 9999
[Proc  12] Doing rows 0 to 9999
[Proc  13] Doing rows 0 to 9999
[Proc  14] Doing rows 0 to 9999
[Proc  15] Doing rows 0 to 9999
[Proc  16] Doing rows 0 to 9999
[Proc  17] Doing rows 0 to 9999
[Proc  18] Doing rows 0 to 9999
[Proc  19] Doing rows 0 to 9999
[Proc  20] Doing rows 0 to 9999
[Proc  21] Doing rows 0 to 9999
[Proc  22] Doing rows 0 to 9999
[Proc  23] Doing rows 0 to 9999
[Proc  24] Doing rows 0 to 9999
[Proc  25] Doing rows 0 to 9999
[Proc  26] Doing rows 0 to 9999
[Proc  27] Doing rows 0 to 9999
[Proc  28] Doing rows 0 to 9999
[Proc  29] Doing rows 0 to 9999
[Proc  30] Doing rows 0 to 9999
[Proc  32] Doing rows 0 to 9999
[Proc  33] Doing rows 0 to 9999
[Proc  34] Doing rows 0 to 9999
[Proc  35] Doing rows 0 to 9999
[Proc  36] Doing rows 0 to 9999
[Proc  37] Doing rows 0 to 9999
[Proc  38] Doing rows 0 to 9999
[Proc  39] Doing rows 0 to 9999
[Proc  40] Doing rows 0 to 9999
[Proc  41] Doing rows 0 to 9999
[Proc  42] Doing rows 0 to 9999
[Proc  43] Doing rows 0 to 9999
[Proc  44] Doing rows 0 to 9999
[Proc  45] Doing rows 0 to 9999
[Proc  46] Doing rows 0 to 9999
[Proc  47] Doing rows 0 to 9999
[Proc  48] Doing rows 0 to 9999
[Proc  49] Doing rows 0 to 9999
[Proc  50] Doing rows 0 to 9999
[Proc  51] Doing rows 0 to 9999
[Proc  52] Doing rows 0 to 9999
Doing 3000 power iterations on 10000x10000 matrix distributed row-wise over 64 processes...
[Proc   0] Doing rows 0 to 9999
[Proc   1] Doing rows 0 to 9999
[Proc   2] Doing rows 0 to 9999
[Proc  31] Doing rows 0 to 9999
Power method: NOT converged in 3000 iteration(s) to largest absolute eigenvalue theta = 9997.060048 in 15.516654 second(s) time.
### 64, 10000, 3000, 9997.060048, 15.516654 ###
[Proc  47] Doing rows 0 to 9999
[Proc  48] Doing rows 0 to 9999
[Proc  49] Doing rows 0 to 9999
[Proc  50] Doing rows 0 to 9999
[Proc  51] Doing rows 0 to 9999
[Proc  52] Doing rows 0 to 9999
[Proc  53] Doing rows 0 to 9999
[Proc  54] Doing rows 0 to 9999
[Proc  55] Doing rows 0 to 9999
[Proc  56] Doing rows 0 to 9999
[Proc  57] Doing rows 0 to 9999
[Proc  58] Doing rows 0 to 9999
[Proc  59] Doing rows 0 to 9999
[Proc  60] Doing rows 0 to 9999
[Proc  61] Doing rows 0 to 9999
[Proc  62] Doing rows 0 to 9999
[Proc  63] Doing rows 0 to 9999
Doing 3000 power iterations on 10000x10000 matrix distributed row-wise over 64 processes...
[Proc   0] Doing rows 0 to 9999
[Proc   1] Doing rows 0 to 9999
[Proc   2] Doing rows 0 to 9999
[Proc   4] Doing rows 0 to 9999
[Proc   5] Doing rows 0 to 9999
[Proc   6] Doing rows 0 to 9999
[Proc   7] Doing rows 0 to 9999
[Proc   8] Doing rows 0 to 9999
[Proc   9] Doing rows 0 to 9999
[Proc  10] Doing rows 0 to 9999
[Proc  11] Doing rows 0 to 9999
[Proc  12] Doing rows 0 to 9999
[Proc  13] Doing rows 0 to 9999
[Proc  14] Doing rows 0 to 9999
[Proc  15] Doing rows 0 to 9999
[Proc  16] Doing rows 0 to 9999
[Proc  17] Doing rows 0 to 9999
[Proc  18] Doing rows 0 to 9999
[Proc  19] Doing rows 0 to 9999
[Proc  20] Doing rows 0 to 9999
[Proc  21] Doing rows 0 to 9999
[Proc  22] Doing rows 0 to 9999
[Proc  23] Doing rows 0 to 9999
[Proc  24] Doing rows 0 to 9999
[Proc  25] Doing rows 0 to 9999
[Proc  26] Doing rows 0 to 9999
[Proc  27] Doing rows 0 to 9999
[Proc  28] Doing rows 0 to 9999
[Proc  29] Doing rows 0 to 9999
[Proc  30] Doing rows 0 to 9999
[Proc  31] Doing rows 0 to 9999
[Proc  32] Doing rows 0 to 9999
[Proc  33] Doing rows 0 to 9999
[Proc  34] Doing rows 0 to 9999
[Proc  35] Doing rows 0 to 9999
[Proc  36] Doing rows 0 to 9999
[Proc  37] Doing rows 0 to 9999
[Proc  38] Doing rows 0 to 9999
[Proc  39] Doing rows 0 to 9999
[Proc  40] Doing rows 0 to 9999
[Proc  41] Doing rows 0 to 9999
[Proc  42] Doing rows 0 to 9999
[Proc  43] Doing rows 0 to 9999
[Proc  44] Doing rows 0 to 9999
[Proc  45] Doing rows 0 to 9999
[Proc  46] Doing rows 0 to 9999
[Proc   3] Doing rows 0 to 9999
Power method: NOT converged in 3000 iteration(s) to largest absolute eigenvalue theta = 9997.060048 in 15.512605 second(s) time.
### 64, 10000, 3000, 9997.060048, 15.512605 ###
[Proc  15] Doing rows 0 to 9999
[Proc  16] Doing rows 0 to 9999
[Proc  17] Doing rows 0 to 9999
[Proc  18] Doing rows 0 to 9999
[Proc  19] Doing rows 0 to 9999
[Proc  20] Doing rows 0 to 9999
[Proc  21] Doing rows 0 to 9999
[Proc  22] Doing rows 0 to 9999
[Proc  23] Doing rows 0 to 9999
[Proc  24] Doing rows 0 to 9999
[Proc  25] Doing rows 0 to 9999
[Proc  26] Doing rows 0 to 9999
[Proc  27] Doing rows 0 to 9999
[Proc  28] Doing rows 0 to 9999
[Proc  29] Doing rows 0 to 9999
[Proc  30] Doing rows 0 to 9999
[Proc  31] Doing rows 0 to 9999
[Proc  32] Doing rows 0 to 9999
[Proc  33] Doing rows 0 to 9999
[Proc  34] Doing rows 0 to 9999
[Proc  35] Doing rows 0 to 9999
[Proc  36] Doing rows 0 to 9999
[Proc  37] Doing rows 0 to 9999
[Proc  38] Doing rows 0 to 9999
[Proc  39] Doing rows 0 to 9999
[Proc  40] Doing rows 0 to 9999
[Proc  41] Doing rows 0 to 9999
[Proc  42] Doing rows 0 to 9999
[Proc  43] Doing rows 0 to 9999
[Proc  44] Doing rows 0 to 9999
[Proc  45] Doing rows 0 to 9999
[Proc  46] Doing rows 0 to 9999
[Proc  47] Doing rows 0 to 9999
[Proc  48] Doing rows 0 to 9999
[Proc  49] Doing rows 0 to 9999
[Proc  50] Doing rows 0 to 9999
[Proc  51] Doing rows 0 to 9999
[Proc  52] Doing rows 0 to 9999
[Proc  53] Doing rows 0 to 9999
[Proc  54] Doing rows 0 to 9999
[Proc  55] Doing rows 0 to 9999
[Proc  56] Doing rows 0 to 9999
[Proc  57] Doing rows 0 to 9999
[Proc  58] Doing rows 0 to 9999
[Proc  59] Doing rows 0 to 9999
[Proc  60] Doing rows 0 to 9999
[Proc  61] Doing rows 0 to 9999
[Proc  62] Doing rows 0 to 9999
[Proc  63] Doing rows 0 to 9999
Doing 3000 power iterations on 10000x10000 matrix distributed row-wise over 64 processes...
[Proc   0] Doing rows 0 to 9999
[Proc   1] Doing rows 0 to 9999
[Proc   2] Doing rows 0 to 9999
[Proc   3] Doing rows 0 to 9999
[Proc   4] Doing rows 0 to 9999
[Proc   5] Doing rows 0 to 9999
[Proc   6] Doing rows 0 to 9999
[Proc   7] Doing rows 0 to 9999
[Proc   8] Doing rows 0 to 9999
[Proc   9] Doing rows 0 to 9999
[Proc  10] Doing rows 0 to 9999
[Proc  11] Doing rows 0 to 9999
[Proc  12] Doing rows 0 to 9999
[Proc  13] Doing rows 0 to 9999
[Proc  14] Doing rows 0 to 9999
Power method: NOT converged in 3000 iteration(s) to largest absolute eigenvalue theta = 9997.060048 in 15.449979 second(s) time.
### 64, 10000, 3000, 9997.060048, 15.449979 ###
[Proc   9] Doing rows 0 to 9999
[Proc  10] Doing rows 0 to 9999
[Proc  11] Doing rows 0 to 9999
[Proc  12] Doing rows 0 to 9999
[Proc  13] Doing rows 0 to 9999
[Proc  14] Doing rows 0 to 9999
[Proc  15] Doing rows 0 to 9999
[Proc  16] Doing rows 0 to 9999
[Proc  17] Doing rows 0 to 9999
[Proc  18] Doing rows 0 to 9999
[Proc  19] Doing rows 0 to 9999
[Proc  20] Doing rows 0 to 9999
[Proc  21] Doing rows 0 to 9999
[Proc  22] Doing rows 0 to 9999
[Proc  23] Doing rows 0 to 9999
[Proc  24] Doing rows 0 to 9999
[Proc  25] Doing rows 0 to 9999
[Proc  26] Doing rows 0 to 9999
[Proc  27] Doing rows 0 to 9999
[Proc  28] Doing rows 0 to 9999
[Proc  29] Doing rows 0 to 9999
[Proc  30] Doing rows 0 to 9999
[Proc  31] Doing rows 0 to 9999
[Proc  32] Doing rows 0 to 9999
[Proc  33] Doing rows 0 to 9999
[Proc  34] Doing rows 0 to 9999
[Proc  35] Doing rows 0 to 9999
[Proc  36] Doing rows 0 to 9999
[Proc  37] Doing rows 0 to 9999
[Proc  38] Doing rows 0 to 9999
[Proc  39] Doing rows 0 to 9999
[Proc  40] Doing rows 0 to 9999
[Proc  41] Doing rows 0 to 9999
[Proc  42] Doing rows 0 to 9999
[Proc  43] Doing rows 0 to 9999
[Proc  44] Doing rows 0 to 9999
[Proc  45] Doing rows 0 to 9999
[Proc  46] Doing rows 0 to 9999
[Proc  47] Doing rows 0 to 9999
[Proc  48] Doing rows 0 to 9999
[Proc  49] Doing rows 0 to 9999
[Proc  50] Doing rows 0 to 9999
[Proc  51] Doing rows 0 to 9999
[Proc  52] Doing rows 0 to 9999
[Proc  53] Doing rows 0 to 9999
[Proc  54] Doing rows 0 to 9999
[Proc  55] Doing rows 0 to 9999
[Proc  56] Doing rows 0 to 9999
[Proc  57] Doing rows 0 to 9999
[Proc  58] Doing rows 0 to 9999
[Proc  59] Doing rows 0 to 9999
[Proc  60] Doing rows 0 to 9999
[Proc  61] Doing rows 0 to 9999
[Proc  62] Doing rows 0 to 9999
[Proc  63] Doing rows 0 to 9999
[Proc   1] Doing rows 0 to 9999
[Proc   2] Doing rows 0 to 9999
[Proc   3] Doing rows 0 to 9999
[Proc   4] Doing rows 0 to 9999
[Proc   5] Doing rows 0 to 9999
[Proc   6] Doing rows 0 to 9999
[Proc   7] Doing rows 0 to 9999
[Proc   8] Doing rows 0 to 9999
Doing 3000 power iterations on 10000x10000 matrix distributed row-wise over 64 processes...
[Proc   0] Doing rows 0 to 9999
Power method: NOT converged in 3000 iteration(s) to largest absolute eigenvalue theta = 9997.060048 in 15.529079 second(s) time.
### 64, 10000, 3000, 9997.060048, 15.529079 ###
