Doing 3000 power iterations on 10000x10000 matrix distributed row-wise over 1 processes...
[Proc   0] Doing rows 0 to 9999
Power method: NOT converged in 3000 iteration(s) to largest absolute eigenvalue theta = 9997.060048 in 271.736057 second(s) time.
### 1, 10000, 3000, 9997.060048, 271.736057 ###
Doing 3000 power iterations on 10000x10000 matrix distributed row-wise over 1 processes...
[Proc   0] Doing rows 0 to 9999
Power method: NOT converged in 3000 iteration(s) to largest absolute eigenvalue theta = 9997.060048 in 271.341591 second(s) time.
### 1, 10000, 3000, 9997.060048, 271.341591 ###
Doing 3000 power iterations on 10000x10000 matrix distributed row-wise over 1 processes...
[Proc   0] Doing rows 0 to 9999
Power method: NOT converged in 3000 iteration(s) to largest absolute eigenvalue theta = 9997.060048 in 271.377025 second(s) time.
### 1, 10000, 3000, 9997.060048, 271.377025 ###
Doing 3000 power iterations on 10000x10000 matrix distributed row-wise over 1 processes...
[Proc   0] Doing rows 0 to 9999
Power method: NOT converged in 3000 iteration(s) to largest absolute eigenvalue theta = 9997.060048 in 271.246326 second(s) time.
### 1, 10000, 3000, 9997.060048, 271.246326 ###
Doing 3000 power iterations on 10000x10000 matrix distributed row-wise over 1 processes...
[Proc   0] Doing rows 0 to 9999
Power method: NOT converged in 3000 iteration(s) to largest absolute eigenvalue theta = 9997.060048 in 272.712039 second(s) time.
### 1, 10000, 3000, 9997.060048, 272.712039 ###
[Proc   1] Doing rows 0 to 9999
Doing 3000 power iterations on 10000x10000 matrix distributed row-wise over 2 processes...
[Proc   0] Doing rows 0 to 9999
Power method: NOT converged in 3000 iteration(s) to largest absolute eigenvalue theta = 9997.060048 in 136.879479 second(s) time.
### 2, 10000, 3000, 9997.060048, 136.879479 ###
[Proc   1] Doing rows 0 to 9999
Doing 3000 power iterations on 10000x10000 matrix distributed row-wise over 2 processes...
[Proc   0] Doing rows 0 to 9999
Power method: NOT converged in 3000 iteration(s) to largest absolute eigenvalue theta = 9997.060048 in 136.749893 second(s) time.
### 2, 10000, 3000, 9997.060048, 136.749893 ###
Doing 3000 power iterations on 10000x10000 matrix distributed row-wise over 2 processes...
[Proc   0] Doing rows 0 to 9999
[Proc   1] Doing rows 0 to 9999
Power method: NOT converged in 3000 iteration(s) to largest absolute eigenvalue theta = 9997.060048 in 136.777181 second(s) time.
### 2, 10000, 3000, 9997.060048, 136.777181 ###
Doing 3000 power iterations on 10000x10000 matrix distributed row-wise over 2 processes...
[Proc   0] Doing rows 0 to 9999
[Proc   1] Doing rows 0 to 9999
Power method: NOT converged in 3000 iteration(s) to largest absolute eigenvalue theta = 9997.060048 in 136.719603 second(s) time.
### 2, 10000, 3000, 9997.060048, 136.719603 ###
Doing 3000 power iterations on 10000x10000 matrix distributed row-wise over 2 processes...
[Proc   0] Doing rows 0 to 9999
[Proc   1] Doing rows 0 to 9999
Power method: NOT converged in 3000 iteration(s) to largest absolute eigenvalue theta = 9997.060048 in 136.732266 second(s) time.
### 2, 10000, 3000, 9997.060048, 136.732266 ###
Doing 3000 power iterations on 10000x10000 matrix distributed row-wise over 4 processes...
[Proc   0] Doing rows 0 to 9999
[Proc   1] Doing rows 0 to 9999
[Proc   2] Doing rows 0 to 9999
[Proc   3] Doing rows 0 to 9999
Power method: NOT converged in 3000 iteration(s) to largest absolute eigenvalue theta = 9997.060048 in 70.121719 second(s) time.
### 4, 10000, 3000, 9997.060048, 70.121719 ###
Doing 3000 power iterations on 10000x10000 matrix distributed row-wise over 4 processes...
[Proc   0] Doing rows 0 to 9999
[Proc   1] Doing rows 0 to 9999
[Proc   2] Doing rows 0 to 9999
[Proc   3] Doing rows 0 to 9999
Power method: NOT converged in 3000 iteration(s) to largest absolute eigenvalue theta = 9997.060048 in 71.030410 second(s) time.
### 4, 10000, 3000, 9997.060048, 71.030410 ###
[Proc   3] Doing rows 0 to 9999
Doing 3000 power iterations on 10000x10000 matrix distributed row-wise over 4 processes...
[Proc   0] Doing rows 0 to 9999
[Proc   1] Doing rows 0 to 9999
[Proc   2] Doing rows 0 to 9999
Power method: NOT converged in 3000 iteration(s) to largest absolute eigenvalue theta = 9997.060048 in 70.317338 second(s) time.
### 4, 10000, 3000, 9997.060048, 70.317338 ###
[Proc   3] Doing rows 0 to 9999
Doing 3000 power iterations on 10000x10000 matrix distributed row-wise over 4 processes...
[Proc   0] Doing rows 0 to 9999
[Proc   1] Doing rows 0 to 9999
[Proc   2] Doing rows 0 to 9999
Power method: NOT converged in 3000 iteration(s) to largest absolute eigenvalue theta = 9997.060048 in 70.390686 second(s) time.
### 4, 10000, 3000, 9997.060048, 70.390686 ###
Doing 3000 power iterations on 10000x10000 matrix distributed row-wise over 4 processes...
[Proc   0] Doing rows 0 to 9999
[Proc   1] Doing rows 0 to 9999
[Proc   2] Doing rows 0 to 9999
[Proc   3] Doing rows 0 to 9999
Power method: NOT converged in 3000 iteration(s) to largest absolute eigenvalue theta = 9997.060048 in 70.496805 second(s) time.
### 4, 10000, 3000, 9997.060048, 70.496805 ###
[Proc   6] Doing rows 0 to 9999
[Proc   7] Doing rows 0 to 9999
Doing 3000 power iterations on 10000x10000 matrix distributed row-wise over 8 processes...
[Proc   0] Doing rows 0 to 9999
[Proc   1] Doing rows 0 to 9999
[Proc   2] Doing rows 0 to 9999
[Proc   3] Doing rows 0 to 9999
[Proc   4] Doing rows 0 to 9999
[Proc   5] Doing rows 0 to 9999
Power method: NOT converged in 3000 iteration(s) to largest absolute eigenvalue theta = 9997.060048 in 37.138269 second(s) time.
### 8, 10000, 3000, 9997.060048, 37.138269 ###
[Proc   3] Doing rows 0 to 9999
[Proc   4] Doing rows 0 to 9999
[Proc   5] Doing rows 0 to 9999
[Proc   6] Doing rows 0 to 9999
[Proc   7] Doing rows 0 to 9999
Doing 3000 power iterations on 10000x10000 matrix distributed row-wise over 8 processes...
[Proc   0] Doing rows 0 to 9999
[Proc   1] Doing rows 0 to 9999
[Proc   2] Doing rows 0 to 9999
Power method: NOT converged in 3000 iteration(s) to largest absolute eigenvalue theta = 9997.060048 in 37.299473 second(s) time.
### 8, 10000, 3000, 9997.060048, 37.299473 ###
[Proc   4] Doing rows 0 to 9999
[Proc   5] Doing rows 0 to 9999
[Proc   6] Doing rows 0 to 9999
[Proc   7] Doing rows 0 to 9999
Doing 3000 power iterations on 10000x10000 matrix distributed row-wise over 8 processes...
[Proc   0] Doing rows 0 to 9999
[Proc   1] Doing rows 0 to 9999
[Proc   2] Doing rows 0 to 9999
[Proc   3] Doing rows 0 to 9999
Power method: NOT converged in 3000 iteration(s) to largest absolute eigenvalue theta = 9997.060048 in 37.074696 second(s) time.
### 8, 10000, 3000, 9997.060048, 37.074696 ###
[Proc   7] Doing rows 0 to 9999
Doing 3000 power iterations on 10000x10000 matrix distributed row-wise over 8 processes...
[Proc   0] Doing rows 0 to 9999
[Proc   1] Doing rows 0 to 9999
[Proc   2] Doing rows 0 to 9999
[Proc   3] Doing rows 0 to 9999
[Proc   4] Doing rows 0 to 9999
[Proc   5] Doing rows 0 to 9999
[Proc   6] Doing rows 0 to 9999
Power method: NOT converged in 3000 iteration(s) to largest absolute eigenvalue theta = 9997.060048 in 37.856144 second(s) time.
### 8, 10000, 3000, 9997.060048, 37.856144 ###
[Proc   5] Doing rows 0 to 9999
[Proc   6] Doing rows 0 to 9999
[Proc   7] Doing rows 0 to 9999
Doing 3000 power iterations on 10000x10000 matrix distributed row-wise over 8 processes...
[Proc   0] Doing rows 0 to 9999
[Proc   1] Doing rows 0 to 9999
[Proc   2] Doing rows 0 to 9999
[Proc   3] Doing rows 0 to 9999
[Proc   4] Doing rows 0 to 9999
Power method: NOT converged in 3000 iteration(s) to largest absolute eigenvalue theta = 9997.060048 in 37.323295 second(s) time.
### 8, 10000, 3000, 9997.060048, 37.323295 ###
[Proc  13] Doing rows 0 to 9999
[Proc  14] Doing rows 0 to 9999
[Proc  15] Doing rows 0 to 9999
Doing 3000 power iterations on 10000x10000 matrix distributed row-wise over 16 processes...
[Proc   0] Doing rows 0 to 9999
[Proc   1] Doing rows 0 to 9999
[Proc   2] Doing rows 0 to 9999
[Proc   3] Doing rows 0 to 9999
[Proc   4] Doing rows 0 to 9999
[Proc   5] Doing rows 0 to 9999
[Proc   6] Doing rows 0 to 9999
[Proc   7] Doing rows 0 to 9999
[Proc   8] Doing rows 0 to 9999
[Proc   9] Doing rows 0 to 9999
[Proc  10] Doing rows 0 to 9999
[Proc  11] Doing rows 0 to 9999
[Proc  12] Doing rows 0 to 9999
Power method: NOT converged in 3000 iteration(s) to largest absolute eigenvalue theta = 9997.060048 in 20.673770 second(s) time.
### 16, 10000, 3000, 9997.060048, 20.673770 ###
[Proc   1] Doing rows 0 to 9999
[Proc   2] Doing rows 0 to 9999
[Proc   3] Doing rows 0 to 9999
[Proc   4] Doing rows 0 to 9999
[Proc   5] Doing rows 0 to 9999
[Proc   6] Doing rows 0 to 9999
[Proc   7] Doing rows 0 to 9999
[Proc   8] Doing rows 0 to 9999
[Proc   9] Doing rows 0 to 9999
[Proc  10] Doing rows 0 to 9999
[Proc  11] Doing rows 0 to 9999
[Proc  12] Doing rows 0 to 9999
[Proc  13] Doing rows 0 to 9999
[Proc  14] Doing rows 0 to 9999
[Proc  15] Doing rows 0 to 9999
Doing 3000 power iterations on 10000x10000 matrix distributed row-wise over 16 processes...
[Proc   0] Doing rows 0 to 9999
Power method: NOT converged in 3000 iteration(s) to largest absolute eigenvalue theta = 9997.060048 in 20.167879 second(s) time.
### 16, 10000, 3000, 9997.060048, 20.167879 ###
Doing 3000 power iterations on 10000x10000 matrix distributed row-wise over 16 processes...
[Proc   0] Doing rows 0 to 9999
[Proc   1] Doing rows 0 to 9999
[Proc   2] Doing rows 0 to 9999
[Proc   3] Doing rows 0 to 9999
[Proc   4] Doing rows 0 to 9999
[Proc   5] Doing rows 0 to 9999
[Proc   6] Doing rows 0 to 9999
[Proc   7] Doing rows 0 to 9999
[Proc   8] Doing rows 0 to 9999
[Proc   9] Doing rows 0 to 9999
[Proc  10] Doing rows 0 to 9999
[Proc  11] Doing rows 0 to 9999
[Proc  13] Doing rows 0 to 9999
[Proc  14] Doing rows 0 to 9999
[Proc  15] Doing rows 0 to 9999
[Proc  12] Doing rows 0 to 9999
Power method: NOT converged in 3000 iteration(s) to largest absolute eigenvalue theta = 9997.060048 in 20.217630 second(s) time.
### 16, 10000, 3000, 9997.060048, 20.217630 ###
[Proc  14] Doing rows 0 to 9999
[Proc  15] Doing rows 0 to 9999
Doing 3000 power iterations on 10000x10000 matrix distributed row-wise over 16 processes...
[Proc   0] Doing rows 0 to 9999
[Proc   1] Doing rows 0 to 9999
[Proc   2] Doing rows 0 to 9999
[Proc   3] Doing rows 0 to 9999
[Proc   4] Doing rows 0 to 9999
[Proc   5] Doing rows 0 to 9999
[Proc   6] Doing rows 0 to 9999
[Proc   7] Doing rows 0 to 9999
[Proc   8] Doing rows 0 to 9999
[Proc   9] Doing rows 0 to 9999
[Proc  10] Doing rows 0 to 9999
[Proc  11] Doing rows 0 to 9999
[Proc  12] Doing rows 0 to 9999
[Proc  13] Doing rows 0 to 9999
Power method: NOT converged in 3000 iteration(s) to largest absolute eigenvalue theta = 9997.060048 in 20.084834 second(s) time.
### 16, 10000, 3000, 9997.060048, 20.084834 ###
[Proc  15] Doing rows 0 to 9999
Doing 3000 power iterations on 10000x10000 matrix distributed row-wise over 16 processes...
[Proc   0] Doing rows 0 to 9999
[Proc   1] Doing rows 0 to 9999
[Proc   2] Doing rows 0 to 9999
[Proc   3] Doing rows 0 to 9999
[Proc   4] Doing rows 0 to 9999
[Proc   5] Doing rows 0 to 9999
[Proc   6] Doing rows 0 to 9999
[Proc   7] Doing rows 0 to 9999
[Proc   8] Doing rows 0 to 9999
[Proc   9] Doing rows 0 to 9999
[Proc  10] Doing rows 0 to 9999
[Proc  11] Doing rows 0 to 9999
[Proc  12] Doing rows 0 to 9999
[Proc  13] Doing rows 0 to 9999
[Proc  14] Doing rows 0 to 9999
Power method: NOT converged in 3000 iteration(s) to largest absolute eigenvalue theta = 9997.060048 in 20.232450 second(s) time.
### 16, 10000, 3000, 9997.060048, 20.232450 ###
[Proc   2] Doing rows 0 to 9999
[Proc   3] Doing rows 0 to 9999
[Proc   4] Doing rows 0 to 9999
[Proc   5] Doing rows 0 to 9999
[Proc   6] Doing rows 0 to 9999
[Proc   7] Doing rows 0 to 9999
[Proc   8] Doing rows 0 to 9999
[Proc   9] Doing rows 0 to 9999
[Proc  10] Doing rows 0 to 9999
[Proc  11] Doing rows 0 to 9999
[Proc  12] Doing rows 0 to 9999
[Proc  13] Doing rows 0 to 9999
[Proc  14] Doing rows 0 to 9999
[Proc  15] Doing rows 0 to 9999
[Proc  16] Doing rows 0 to 9999
[Proc  17] Doing rows 0 to 9999
[Proc  18] Doing rows 0 to 9999
[Proc  19] Doing rows 0 to 9999
[Proc  20] Doing rows 0 to 9999
[Proc  21] Doing rows 0 to 9999
[Proc  22] Doing rows 0 to 9999
[Proc  23] Doing rows 0 to 9999
[Proc  24] Doing rows 0 to 9999
[Proc  25] Doing rows 0 to 9999
[Proc  26] Doing rows 0 to 9999
[Proc  27] Doing rows 0 to 9999
[Proc  28] Doing rows 0 to 9999
[Proc  29] Doing rows 0 to 9999
[Proc  30] Doing rows 0 to 9999
[Proc  31] Doing rows 0 to 9999
Doing 3000 power iterations on 10000x10000 matrix distributed row-wise over 32 processes...
[Proc   0] Doing rows 0 to 9999
[Proc   1] Doing rows 0 to 9999
Power method: NOT converged in 3000 iteration(s) to largest absolute eigenvalue theta = 9997.060048 in 13.796950 second(s) time.
### 32, 10000, 3000, 9997.060048, 13.796950 ###
[Proc  23] Doing rows 0 to 9999
[Proc  24] Doing rows 0 to 9999
[Proc  25] Doing rows 0 to 9999
[Proc  26] Doing rows 0 to 9999
[Proc  27] Doing rows 0 to 9999
[Proc  28] Doing rows 0 to 9999
[Proc  29] Doing rows 0 to 9999
[Proc  30] Doing rows 0 to 9999
[Proc  31] Doing rows 0 to 9999
Doing 3000 power iterations on 10000x10000 matrix distributed row-wise over 32 processes...
[Proc   0] Doing rows 0 to 9999
[Proc   1] Doing rows 0 to 9999
[Proc   2] Doing rows 0 to 9999
[Proc   3] Doing rows 0 to 9999
[Proc   4] Doing rows 0 to 9999
[Proc   5] Doing rows 0 to 9999
[Proc   6] Doing rows 0 to 9999
[Proc   7] Doing rows 0 to 9999
[Proc   8] Doing rows 0 to 9999
[Proc   9] Doing rows 0 to 9999
[Proc  10] Doing rows 0 to 9999
[Proc  11] Doing rows 0 to 9999
[Proc  12] Doing rows 0 to 9999
[Proc  13] Doing rows 0 to 9999
[Proc  14] Doing rows 0 to 9999
[Proc  15] Doing rows 0 to 9999
[Proc  16] Doing rows 0 to 9999
[Proc  17] Doing rows 0 to 9999
[Proc  18] Doing rows 0 to 9999
[Proc  19] Doing rows 0 to 9999
[Proc  20] Doing rows 0 to 9999
[Proc  21] Doing rows 0 to 9999
[Proc  22] Doing rows 0 to 9999
Power method: NOT converged in 3000 iteration(s) to largest absolute eigenvalue theta = 9997.060048 in 14.808797 second(s) time.
### 32, 10000, 3000, 9997.060048, 14.808797 ###
[Proc   5] Doing rows 0 to 9999
[Proc   6] Doing rows 0 to 9999
[Proc   7] Doing rows 0 to 9999
[Proc   8] Doing rows 0 to 9999
[Proc   9] Doing rows 0 to 9999
[Proc  10] Doing rows 0 to 9999
[Proc  11] Doing rows 0 to 9999
[Proc  12] Doing rows 0 to 9999
[Proc  13] Doing rows 0 to 9999
[Proc  14] Doing rows 0 to 9999
[Proc  15] Doing rows 0 to 9999
[Proc  16] Doing rows 0 to 9999
[Proc  17] Doing rows 0 to 9999
[Proc  18] Doing rows 0 to 9999
[Proc  19] Doing rows 0 to 9999
[Proc  20] Doing rows 0 to 9999
[Proc  21] Doing rows 0 to 9999
[Proc  22] Doing rows 0 to 9999
[Proc  23] Doing rows 0 to 9999
[Proc  24] Doing rows 0 to 9999
[Proc  25] Doing rows 0 to 9999
[Proc  26] Doing rows 0 to 9999
[Proc  27] Doing rows 0 to 9999
[Proc  28] Doing rows 0 to 9999
[Proc  29] Doing rows 0 to 9999
[Proc  30] Doing rows 0 to 9999
[Proc  31] Doing rows 0 to 9999
Doing 3000 power iterations on 10000x10000 matrix distributed row-wise over 32 processes...
[Proc   0] Doing rows 0 to 9999
[Proc   1] Doing rows 0 to 9999
[Proc   2] Doing rows 0 to 9999
[Proc   3] Doing rows 0 to 9999
[Proc   4] Doing rows 0 to 9999
Power method: NOT converged in 3000 iteration(s) to largest absolute eigenvalue theta = 9997.060048 in 14.833759 second(s) time.
### 32, 10000, 3000, 9997.060048, 14.833759 ###
[Proc  21] Doing rows 0 to 9999
[Proc  22] Doing rows 0 to 9999
[Proc  23] Doing rows 0 to 9999
[Proc  24] Doing rows 0 to 9999
[Proc  25] Doing rows 0 to 9999
[Proc  26] Doing rows 0 to 9999
[Proc  27] Doing rows 0 to 9999
[Proc  28] Doing rows 0 to 9999
[Proc  29] Doing rows 0 to 9999
[Proc  30] Doing rows 0 to 9999
[Proc  31] Doing rows 0 to 9999
Doing 3000 power iterations on 10000x10000 matrix distributed row-wise over 32 processes...
[Proc   0] Doing rows 0 to 9999
[Proc   1] Doing rows 0 to 9999
[Proc   2] Doing rows 0 to 9999
[Proc   3] Doing rows 0 to 9999
[Proc   4] Doing rows 0 to 9999
[Proc   5] Doing rows 0 to 9999
[Proc   6] Doing rows 0 to 9999
[Proc   7] Doing rows 0 to 9999
[Proc   8] Doing rows 0 to 9999
[Proc   9] Doing rows 0 to 9999
[Proc  10] Doing rows 0 to 9999
[Proc  11] Doing rows 0 to 9999
[Proc  12] Doing rows 0 to 9999
[Proc  13] Doing rows 0 to 9999
[Proc  14] Doing rows 0 to 9999
[Proc  15] Doing rows 0 to 9999
[Proc  16] Doing rows 0 to 9999
[Proc  17] Doing rows 0 to 9999
[Proc  18] Doing rows 0 to 9999
[Proc  19] Doing rows 0 to 9999
[Proc  20] Doing rows 0 to 9999
Power method: NOT converged in 3000 iteration(s) to largest absolute eigenvalue theta = 9997.060048 in 13.301752 second(s) time.
### 32, 10000, 3000, 9997.060048, 13.301752 ###
[Proc   9] Doing rows 0 to 9999
[Proc  10] Doing rows 0 to 9999
[Proc  11] Doing rows 0 to 9999
[Proc  12] Doing rows 0 to 9999
[Proc  13] Doing rows 0 to 9999
[Proc  14] Doing rows 0 to 9999
[Proc  15] Doing rows 0 to 9999
[Proc  16] Doing rows 0 to 9999
[Proc  17] Doing rows 0 to 9999
[Proc  18] Doing rows 0 to 9999
[Proc  19] Doing rows 0 to 9999
[Proc  20] Doing rows 0 to 9999
[Proc  21] Doing rows 0 to 9999
[Proc  22] Doing rows 0 to 9999
[Proc  23] Doing rows 0 to 9999
[Proc  24] Doing rows 0 to 9999
[Proc  25] Doing rows 0 to 9999
[Proc  26] Doing rows 0 to 9999
[Proc  27] Doing rows 0 to 9999
[Proc  28] Doing rows 0 to 9999
[Proc  29] Doing rows 0 to 9999
[Proc  30] Doing rows 0 to 9999
[Proc  31] Doing rows 0 to 9999
Doing 3000 power iterations on 10000x10000 matrix distributed row-wise over 32 processes...
[Proc   0] Doing rows 0 to 9999
[Proc   1] Doing rows 0 to 9999
[Proc   3] Doing rows 0 to 9999
[Proc   4] Doing rows 0 to 9999
[Proc   5] Doing rows 0 to 9999
[Proc   6] Doing rows 0 to 9999
[Proc   7] Doing rows 0 to 9999
[Proc   8] Doing rows 0 to 9999
[Proc   2] Doing rows 0 to 9999
Power method: NOT converged in 3000 iteration(s) to largest absolute eigenvalue theta = 9997.060048 in 14.891351 second(s) time.
### 32, 10000, 3000, 9997.060048, 14.891351 ###
Doing 3000 power iterations on 10000x10000 matrix distributed row-wise over 64 processes...
[Proc   0] Doing rows 0 to 9999
[Proc   1] Doing rows 0 to 9999
[Proc   2] Doing rows 0 to 9999
[Proc   3] Doing rows 0 to 9999
[Proc   4] Doing rows 0 to 9999
[Proc   6] Doing rows 0 to 9999
[Proc   7] Doing rows 0 to 9999
[Proc   8] Doing rows 0 to 9999
[Proc   9] Doing rows 0 to 9999
[Proc  10] Doing rows 0 to 9999
[Proc  11] Doing rows 0 to 9999
[Proc  13] Doing rows 0 to 9999
[Proc  14] Doing rows 0 to 9999
[Proc  15] Doing rows 0 to 9999
[Proc  16] Doing rows 0 to 9999
[Proc  17] Doing rows 0 to 9999
[Proc  18] Doing rows 0 to 9999
[Proc  19] Doing rows 0 to 9999
[Proc  20] Doing rows 0 to 9999
[Proc  21] Doing rows 0 to 9999
[Proc  22] Doing rows 0 to 9999
[Proc  23] Doing rows 0 to 9999
[Proc  24] Doing rows 0 to 9999
[Proc  25] Doing rows 0 to 9999
[Proc  26] Doing rows 0 to 9999
[Proc  27] Doing rows 0 to 9999
[Proc  28] Doing rows 0 to 9999
[Proc  29] Doing rows 0 to 9999
[Proc  30] Doing rows 0 to 9999
[Proc  31] Doing rows 0 to 9999
[Proc  32] Doing rows 0 to 9999
[Proc  33] Doing rows 0 to 9999
[Proc  34] Doing rows 0 to 9999
[Proc  35] Doing rows 0 to 9999
[Proc  36] Doing rows 0 to 9999
[Proc  37] Doing rows 0 to 9999
[Proc  38] Doing rows 0 to 9999
[Proc  39] Doing rows 0 to 9999
[Proc  40] Doing rows 0 to 9999
[Proc  41] Doing rows 0 to 9999
[Proc  42] Doing rows 0 to 9999
[Proc  43] Doing rows 0 to 9999
[Proc  44] Doing rows 0 to 9999
[Proc  45] Doing rows 0 to 9999
[Proc  46] Doing rows 0 to 9999
[Proc  47] Doing rows 0 to 9999
[Proc  48] Doing rows 0 to 9999
[Proc  49] Doing rows 0 to 9999
[Proc  50] Doing rows 0 to 9999
[Proc  51] Doing rows 0 to 9999
[Proc  52] Doing rows 0 to 9999
[Proc  53] Doing rows 0 to 9999
[Proc  54] Doing rows 0 to 9999
[Proc  55] Doing rows 0 to 9999
[Proc  56] Doing rows 0 to 9999
[Proc  57] Doing rows 0 to 9999
[Proc  58] Doing rows 0 to 9999
[Proc  59] Doing rows 0 to 9999
[Proc  60] Doing rows 0 to 9999
[Proc  61] Doing rows 0 to 9999
[Proc  62] Doing rows 0 to 9999
[Proc  63] Doing rows 0 to 9999
[Proc   5] Doing rows 0 to 9999
[Proc  12] Doing rows 0 to 9999
Power method: NOT converged in 3000 iteration(s) to largest absolute eigenvalue theta = 9997.060048 in 15.773226 second(s) time.
### 64, 10000, 3000, 9997.060048, 15.773226 ###
[Proc  27] Doing rows 0 to 9999
[Proc  28] Doing rows 0 to 9999
[Proc  29] Doing rows 0 to 9999
[Proc  30] Doing rows 0 to 9999
[Proc  31] Doing rows 0 to 9999
[Proc  32] Doing rows 0 to 9999
[Proc  33] Doing rows 0 to 9999
[Proc  34] Doing rows 0 to 9999
[Proc  35] Doing rows 0 to 9999
[Proc  36] Doing rows 0 to 9999
[Proc  37] Doing rows 0 to 9999
[Proc  38] Doing rows 0 to 9999
[Proc  39] Doing rows 0 to 9999
[Proc  40] Doing rows 0 to 9999
[Proc  41] Doing rows 0 to 9999
[Proc  42] Doing rows 0 to 9999
[Proc  43] Doing rows 0 to 9999
[Proc  44] Doing rows 0 to 9999
[Proc  45] Doing rows 0 to 9999
[Proc  46] Doing rows 0 to 9999
[Proc  47] Doing rows 0 to 9999
[Proc  48] Doing rows 0 to 9999
[Proc  49] Doing rows 0 to 9999
[Proc  50] Doing rows 0 to 9999
[Proc  51] Doing rows 0 to 9999
[Proc  52] Doing rows 0 to 9999
[Proc  53] Doing rows 0 to 9999
[Proc  54] Doing rows 0 to 9999
[Proc  55] Doing rows 0 to 9999
[Proc  56] Doing rows 0 to 9999
[Proc  57] Doing rows 0 to 9999
[Proc  58] Doing rows 0 to 9999
[Proc  59] Doing rows 0 to 9999
[Proc  60] Doing rows 0 to 9999
[Proc  61] Doing rows 0 to 9999
[Proc  62] Doing rows 0 to 9999
[Proc  63] Doing rows 0 to 9999
[Proc   2] Doing rows 0 to 9999
[Proc   4] Doing rows 0 to 9999
[Proc   9] Doing rows 0 to 9999
[Proc  10] Doing rows 0 to 9999
[Proc  11] Doing rows 0 to 9999
[Proc  12] Doing rows 0 to 9999
[Proc  13] Doing rows 0 to 9999
[Proc  15] Doing rows 0 to 9999
[Proc  16] Doing rows 0 to 9999
[Proc  17] Doing rows 0 to 9999
[Proc  18] Doing rows 0 to 9999
[Proc  19] Doing rows 0 to 9999
[Proc  20] Doing rows 0 to 9999
[Proc  21] Doing rows 0 to 9999
[Proc  22] Doing rows 0 to 9999
[Proc  23] Doing rows 0 to 9999
[Proc  24] Doing rows 0 to 9999
[Proc  25] Doing rows 0 to 9999
[Proc  26] Doing rows 0 to 9999
[Proc   8] Doing rows 0 to 9999
[Proc   1] Doing rows 0 to 9999
[Proc   3] Doing rows 0 to 9999
[Proc   5] Doing rows 0 to 9999
[Proc   6] Doing rows 0 to 9999
[Proc   7] Doing rows 0 to 9999
[Proc  14] Doing rows 0 to 9999
Doing 3000 power iterations on 10000x10000 matrix distributed row-wise over 64 processes...
[Proc   0] Doing rows 0 to 9999
Power method: NOT converged in 3000 iteration(s) to largest absolute eigenvalue theta = 9997.060048 in 15.875015 second(s) time.
### 64, 10000, 3000, 9997.060048, 15.875015 ###
[Proc  12] Doing rows 0 to 9999
[Proc  13] Doing rows 0 to 9999
[Proc  16] Doing rows 0 to 9999
[Proc  17] Doing rows 0 to 9999
[Proc  18] Doing rows 0 to 9999
[Proc  19] Doing rows 0 to 9999
[Proc  20] Doing rows 0 to 9999
[Proc  21] Doing rows 0 to 9999
[Proc  22] Doing rows 0 to 9999
[Proc  23] Doing rows 0 to 9999
[Proc  24] Doing rows 0 to 9999
[Proc  25] Doing rows 0 to 9999
[Proc  28] Doing rows 0 to 9999
[Proc  29] Doing rows 0 to 9999
[Proc  30] Doing rows 0 to 9999
[Proc  31] Doing rows 0 to 9999
[Proc  32] Doing rows 0 to 9999
[Proc  33] Doing rows 0 to 9999
[Proc  34] Doing rows 0 to 9999
[Proc  35] Doing rows 0 to 9999
[Proc  36] Doing rows 0 to 9999
[Proc  37] Doing rows 0 to 9999
[Proc  38] Doing rows 0 to 9999
[Proc  39] Doing rows 0 to 9999
[Proc  40] Doing rows 0 to 9999
[Proc  41] Doing rows 0 to 9999
[Proc  42] Doing rows 0 to 9999
[Proc  43] Doing rows 0 to 9999
[Proc  44] Doing rows 0 to 9999
[Proc  45] Doing rows 0 to 9999
[Proc  46] Doing rows 0 to 9999
[Proc  47] Doing rows 0 to 9999
[Proc  48] Doing rows 0 to 9999
[Proc  49] Doing rows 0 to 9999
[Proc  50] Doing rows 0 to 9999
[Proc  51] Doing rows 0 to 9999
[Proc  52] Doing rows 0 to 9999
[Proc  53] Doing rows 0 to 9999
[Proc  54] Doing rows 0 to 9999
[Proc  55] Doing rows 0 to 9999
[Proc  56] Doing rows 0 to 9999
[Proc  57] Doing rows 0 to 9999
[Proc  58] Doing rows 0 to 9999
[Proc  59] Doing rows 0 to 9999
[Proc  60] Doing rows 0 to 9999
[Proc  61] Doing rows 0 to 9999
[Proc  62] Doing rows 0 to 9999
[Proc  63] Doing rows 0 to 9999
[Proc   2] Doing rows 0 to 9999
[Proc   3] Doing rows 0 to 9999
[Proc   4] Doing rows 0 to 9999
[Proc   5] Doing rows 0 to 9999
[Proc   6] Doing rows 0 to 9999
[Proc   7] Doing rows 0 to 9999
[Proc   8] Doing rows 0 to 9999
[Proc   9] Doing rows 0 to 9999
[Proc  10] Doing rows 0 to 9999
[Proc  11] Doing rows 0 to 9999
Doing 3000 power iterations on 10000x10000 matrix distributed row-wise over 64 processes...
[Proc   0] Doing rows 0 to 9999
[Proc   1] Doing rows 0 to 9999
[Proc  14] Doing rows 0 to 9999
[Proc  15] Doing rows 0 to 9999
[Proc  26] Doing rows 0 to 9999
[Proc  27] Doing rows 0 to 9999
Power method: NOT converged in 3000 iteration(s) to largest absolute eigenvalue theta = 9997.060048 in 15.734621 second(s) time.
### 64, 10000, 3000, 9997.060048, 15.734621 ###
[Proc  32] Doing rows 0 to 9999
[Proc  33] Doing rows 0 to 9999
[Proc  34] Doing rows 0 to 9999
[Proc  35] Doing rows 0 to 9999
[Proc  36] Doing rows 0 to 9999
[Proc  37] Doing rows 0 to 9999
[Proc  38] Doing rows 0 to 9999
[Proc  39] Doing rows 0 to 9999
[Proc  40] Doing rows 0 to 9999
[Proc  41] Doing rows 0 to 9999
[Proc  42] Doing rows 0 to 9999
[Proc  43] Doing rows 0 to 9999
[Proc  44] Doing rows 0 to 9999
[Proc  45] Doing rows 0 to 9999
[Proc  46] Doing rows 0 to 9999
[Proc  47] Doing rows 0 to 9999
[Proc  48] Doing rows 0 to 9999
[Proc  49] Doing rows 0 to 9999
[Proc  50] Doing rows 0 to 9999
[Proc  51] Doing rows 0 to 9999
[Proc  52] Doing rows 0 to 9999
[Proc  53] Doing rows 0 to 9999
[Proc  54] Doing rows 0 to 9999
[Proc  55] Doing rows 0 to 9999
[Proc  56] Doing rows 0 to 9999
[Proc  57] Doing rows 0 to 9999
[Proc  58] Doing rows 0 to 9999
[Proc  59] Doing rows 0 to 9999
[Proc  60] Doing rows 0 to 9999
[Proc  61] Doing rows 0 to 9999
[Proc  62] Doing rows 0 to 9999
[Proc  63] Doing rows 0 to 9999
Doing 3000 power iterations on 10000x10000 matrix distributed row-wise over 64 processes...
[Proc   0] Doing rows 0 to 9999
[Proc   1] Doing rows 0 to 9999
[Proc   2] Doing rows 0 to 9999
[Proc   3] Doing rows 0 to 9999
[Proc   4] Doing rows 0 to 9999
[Proc   5] Doing rows 0 to 9999
[Proc   6] Doing rows 0 to 9999
[Proc   7] Doing rows 0 to 9999
[Proc   8] Doing rows 0 to 9999
[Proc   9] Doing rows 0 to 9999
[Proc  10] Doing rows 0 to 9999
[Proc  11] Doing rows 0 to 9999
[Proc  12] Doing rows 0 to 9999
[Proc  13] Doing rows 0 to 9999
[Proc  14] Doing rows 0 to 9999
[Proc  15] Doing rows 0 to 9999
[Proc  16] Doing rows 0 to 9999
[Proc  17] Doing rows 0 to 9999
[Proc  18] Doing rows 0 to 9999
[Proc  19] Doing rows 0 to 9999
[Proc  20] Doing rows 0 to 9999
[Proc  21] Doing rows 0 to 9999
[Proc  22] Doing rows 0 to 9999
[Proc  23] Doing rows 0 to 9999
[Proc  24] Doing rows 0 to 9999
[Proc  25] Doing rows 0 to 9999
[Proc  26] Doing rows 0 to 9999
[Proc  27] Doing rows 0 to 9999
[Proc  28] Doing rows 0 to 9999
[Proc  29] Doing rows 0 to 9999
[Proc  30] Doing rows 0 to 9999
[Proc  31] Doing rows 0 to 9999
Power method: NOT converged in 3000 iteration(s) to largest absolute eigenvalue theta = 9997.060048 in 15.837051 second(s) time.
### 64, 10000, 3000, 9997.060048, 15.837051 ###
[Proc  59] Doing rows 0 to 9999
[Proc  60] Doing rows 0 to 9999
[Proc  61] Doing rows 0 to 9999
[Proc  62] Doing rows 0 to 9999
[Proc  63] Doing rows 0 to 9999
[Proc   1] Doing rows 0 to 9999
[Proc   2] Doing rows 0 to 9999
[Proc   3] Doing rows 0 to 9999
[Proc   4] Doing rows 0 to 9999
[Proc   5] Doing rows 0 to 9999
[Proc   6] Doing rows 0 to 9999
[Proc   7] Doing rows 0 to 9999
[Proc   8] Doing rows 0 to 9999
[Proc   9] Doing rows 0 to 9999
[Proc  10] Doing rows 0 to 9999
[Proc  11] Doing rows 0 to 9999
[Proc  12] Doing rows 0 to 9999
[Proc  13] Doing rows 0 to 9999
[Proc  14] Doing rows 0 to 9999
[Proc  15] Doing rows 0 to 9999
[Proc  16] Doing rows 0 to 9999
[Proc  17] Doing rows 0 to 9999
[Proc  18] Doing rows 0 to 9999
[Proc  19] Doing rows 0 to 9999
[Proc  20] Doing rows 0 to 9999
[Proc  21] Doing rows 0 to 9999
[Proc  22] Doing rows 0 to 9999
[Proc  23] Doing rows 0 to 9999
[Proc  24] Doing rows 0 to 9999
[Proc  25] Doing rows 0 to 9999
[Proc  26] Doing rows 0 to 9999
[Proc  27] Doing rows 0 to 9999
[Proc  28] Doing rows 0 to 9999
[Proc  29] Doing rows 0 to 9999
[Proc  30] Doing rows 0 to 9999
[Proc  31] Doing rows 0 to 9999
[Proc  32] Doing rows 0 to 9999
[Proc  33] Doing rows 0 to 9999
[Proc  34] Doing rows 0 to 9999
[Proc  35] Doing rows 0 to 9999
[Proc  36] Doing rows 0 to 9999
[Proc  37] Doing rows 0 to 9999
[Proc  38] Doing rows 0 to 9999
[Proc  39] Doing rows 0 to 9999
[Proc  40] Doing rows 0 to 9999
[Proc  41] Doing rows 0 to 9999
[Proc  42] Doing rows 0 to 9999
[Proc  43] Doing rows 0 to 9999
[Proc  44] Doing rows 0 to 9999
[Proc  45] Doing rows 0 to 9999
[Proc  46] Doing rows 0 to 9999
[Proc  47] Doing rows 0 to 9999
[Proc  48] Doing rows 0 to 9999
[Proc  49] Doing rows 0 to 9999
[Proc  50] Doing rows 0 to 9999
[Proc  51] Doing rows 0 to 9999
[Proc  52] Doing rows 0 to 9999
[Proc  53] Doing rows 0 to 9999
[Proc  54] Doing rows 0 to 9999
[Proc  55] Doing rows 0 to 9999
[Proc  56] Doing rows 0 to 9999
[Proc  57] Doing rows 0 to 9999
[Proc  58] Doing rows 0 to 9999
Doing 3000 power iterations on 10000x10000 matrix distributed row-wise over 64 processes...
[Proc   0] Doing rows 0 to 9999
Power method: NOT converged in 3000 iteration(s) to largest absolute eigenvalue theta = 9997.060048 in 15.838499 second(s) time.
### 64, 10000, 3000, 9997.060048, 15.838499 ###
